This file contains any messages produced by compilers while
running configure, to aid debugging if configure makes a mistake.

It was created by configure, which was
generated by GNU Autoconf 2.69.  Invocation command line was

  $ ./configure --disable-option-checking --prefix=/usr/local --cache-file=/dev/null --srcdir=.

## --------- ##
## Platform. ##
## --------- ##

hostname = raspberrypi
uname -m = armv6l
uname -r = 3.12.22+
uname -s = Linux
uname -v = #691 PREEMPT Wed Jun 18 18:29:58 BST 2014

/usr/bin/uname -p = unknown
/bin/uname -X     = unknown

/bin/arch              = unknown
/usr/bin/arch -k       = unknown
/usr/convex/getsysinfo = unknown
/usr/bin/hostinfo      = unknown
/bin/machine           = unknown
/usr/bin/oslevel       = unknown
/bin/universe          = unknown

PATH: /usr/local/sbin
PATH: /usr/local/bin
PATH: /usr/sbin
PATH: /usr/bin
PATH: /sbin
PATH: /bin
PATH: /usr/local/games
PATH: /usr/games


## ----------- ##
## Core tests. ##
## ----------- ##

configure:2381: checking for a BSD-compatible install
configure:2449: result: /usr/bin/install -c
configure:2460: checking whether build environment is sane
configure:2510: result: yes
configure:2538: WARNING: `missing' script is too old or missing
configure:2651: checking for a thread-safe mkdir -p
configure:2690: result: /bin/mkdir -p
configure:2703: checking for gawk
configure:2733: result: no
configure:2703: checking for mawk
configure:2719: found /usr/bin/mawk
configure:2730: result: mawk
configure:2741: checking whether make sets $(MAKE)
configure:2763: result: yes
configure:2895: checking for gcc
configure:2911: found /usr/bin/gcc
configure:2922: result: gcc
configure:3151: checking for C compiler version
configure:3160: gcc --version >&5
gcc (Debian 4.6.3-14+rpi1) 4.6.3
Copyright (C) 2011 Free Software Foundation, Inc.
This is free software; see the source for copying conditions.  There is NO
warranty; not even for MERCHANTABILITY or FITNESS FOR A PARTICULAR PURPOSE.

configure:3171: $? = 0
configure:3160: gcc -v >&5
Using built-in specs.
COLLECT_GCC=gcc
COLLECT_LTO_WRAPPER=/usr/lib/gcc/arm-linux-gnueabihf/4.6/lto-wrapper
Target: arm-linux-gnueabihf
Configured with: ../src/configure -v --with-pkgversion='Debian 4.6.3-14+rpi1' --with-bugurl=file:///usr/share/doc/gcc-4.6/README.Bugs --enable-languages=c,c++,fortran,objc,obj-c++ --prefix=/usr --program-suffix=-4.6 --enable-shared --enable-linker-build-id --with-system-zlib --libexecdir=/usr/lib --without-included-gettext --enable-threads=posix --with-gxx-include-dir=/usr/include/c++/4.6 --libdir=/usr/lib --enable-nls --with-sysroot=/ --enable-clocale=gnu --enable-libstdcxx-debug --enable-libstdcxx-time=yes --enable-gnu-unique-object --enable-plugin --enable-objc-gc --disable-sjlj-exceptions --with-arch=armv6 --with-fpu=vfp --with-float=hard --enable-checking=release --build=arm-linux-gnueabihf --host=arm-linux-gnueabihf --target=arm-linux-gnueabihf
Thread model: posix
gcc version 4.6.3 (Debian 4.6.3-14+rpi1) 
configure:3171: $? = 0
configure:3160: gcc -V >&5
gcc: error: unrecognized option '-V'
gcc: fatal error: no input files
compilation terminated.
configure:3171: $? = 4
configure:3160: gcc -qversion >&5
gcc: error: unrecognized option '-qversion'
gcc: fatal error: no input files
compilation terminated.
configure:3171: $? = 4
configure:3191: checking whether the C compiler works
configure:3213: gcc -O   conftest.c  >&5
configure:3217: $? = 0
configure:3265: result: yes
configure:3268: checking for C compiler default output file name
configure:3270: result: a.out
configure:3276: checking for suffix of executables
configure:3283: gcc -o conftest -O   conftest.c  >&5
configure:3287: $? = 0
configure:3309: result: 
configure:3331: checking whether we are cross compiling
configure:3339: gcc -o conftest -O   conftest.c  >&5
configure:3343: $? = 0
configure:3350: ./conftest
configure:3354: $? = 0
configure:3369: result: no
configure:3374: checking for suffix of object files
configure:3396: gcc -c -O  conftest.c >&5
configure:3400: $? = 0
configure:3421: result: o
configure:3425: checking whether we are using the GNU C compiler
configure:3444: gcc -c -O  conftest.c >&5
configure:3444: $? = 0
configure:3453: result: yes
configure:3462: checking whether gcc accepts -g
configure:3482: gcc -c -g  conftest.c >&5
configure:3482: $? = 0
configure:3523: result: yes
configure:3540: checking for gcc option to accept ISO C89
configure:3603: gcc  -c -O  conftest.c >&5
configure:3603: $? = 0
configure:3616: result: none needed
configure:3647: checking for style of include used by make
configure:3675: result: GNU
configure:3701: checking dependency style of gcc
configure:3812: result: none
configure:3828: checking whether ln -s works
configure:3832: result: yes
configure:3882: checking for ranlib
configure:3898: found /usr/bin/ranlib
configure:3909: result: ranlib
configure:3935: checking for socket in -lsocket
configure:3960: gcc -o conftest -O   conftest.c -lsocket   >&5
/usr/bin/ld: cannot find -lsocket
collect2: ld returned 1 exit status
configure:3960: $? = 1
configure: failed program was:
| /* confdefs.h */
| #define PACKAGE_NAME ""
| #define PACKAGE_TARNAME ""
| #define PACKAGE_VERSION ""
| #define PACKAGE_STRING ""
| #define PACKAGE_BUGREPORT ""
| #define PACKAGE_URL ""
| #define PACKAGE "libsrp"
| #define VERSION "2.0.0"
| /* end confdefs.h.  */
| 
| /* Override any GCC internal prototype to avoid an error.
|    Use char because int might match the return type of a GCC
|    builtin and then its argument prototype would still apply.  */
| #ifdef __cplusplus
| extern "C"
| #endif
| char socket ();
| int
| main ()
| {
| return socket ();
|   ;
|   return 0;
| }
configure:3969: result: no
configure:3980: checking for gethostbyname in -lnsl
configure:4005: gcc -o conftest -O   conftest.c -lnsl   >&5
configure:4005: $? = 0
configure:4014: result: yes
configure:4025: checking for dlopen in -ldl
configure:4050: gcc -o conftest -O   conftest.c -ldl  -lnsl  >&5
configure:4050: $? = 0
configure:4059: result: yes
configure:4077: checking how to run the C preprocessor
configure:4108: gcc -E  conftest.c
configure:4108: $? = 0
configure:4122: gcc -E  conftest.c
conftest.c:13:28: fatal error: ac_nonexistent.h: No such file or directory
compilation terminated.
configure:4122: $? = 1
configure: failed program was:
| /* confdefs.h */
| #define PACKAGE_NAME ""
| #define PACKAGE_TARNAME ""
| #define PACKAGE_VERSION ""
| #define PACKAGE_STRING ""
| #define PACKAGE_BUGREPORT ""
| #define PACKAGE_URL ""
| #define PACKAGE "libsrp"
| #define VERSION "2.0.0"
| #define HAVE_LIBNSL 1
| #define HAVE_LIBDL 1
| /* end confdefs.h.  */
| #include <ac_nonexistent.h>
configure:4147: result: gcc -E
configure:4167: gcc -E  conftest.c
configure:4167: $? = 0
configure:4181: gcc -E  conftest.c
conftest.c:13:28: fatal error: ac_nonexistent.h: No such file or directory
compilation terminated.
configure:4181: $? = 1
configure: failed program was:
| /* confdefs.h */
| #define PACKAGE_NAME ""
| #define PACKAGE_TARNAME ""
| #define PACKAGE_VERSION ""
| #define PACKAGE_STRING ""
| #define PACKAGE_BUGREPORT ""
| #define PACKAGE_URL ""
| #define PACKAGE "libsrp"
| #define VERSION "2.0.0"
| #define HAVE_LIBNSL 1
| #define HAVE_LIBDL 1
| /* end confdefs.h.  */
| #include <ac_nonexistent.h>
configure:4210: checking for grep that handles long lines and -e
configure:4268: result: /bin/grep
configure:4273: checking for egrep
configure:4335: result: /bin/grep -E
configure:4340: checking for ANSI C header files
configure:4360: gcc -c -O  conftest.c >&5
configure:4360: $? = 0
configure:4433: gcc -o conftest -O   conftest.c -ldl -lnsl  >&5
configure:4433: $? = 0
configure:4433: ./conftest
configure:4433: $? = 0
configure:4444: result: yes
configure:4457: checking for sys/types.h
configure:4457: gcc -c -O  conftest.c >&5
configure:4457: $? = 0
configure:4457: result: yes
configure:4457: checking for sys/stat.h
configure:4457: gcc -c -O  conftest.c >&5
configure:4457: $? = 0
configure:4457: result: yes
configure:4457: checking for stdlib.h
configure:4457: gcc -c -O  conftest.c >&5
configure:4457: $? = 0
configure:4457: result: yes
configure:4457: checking for string.h
configure:4457: gcc -c -O  conftest.c >&5
configure:4457: $? = 0
configure:4457: result: yes
configure:4457: checking for memory.h
configure:4457: gcc -c -O  conftest.c >&5
configure:4457: $? = 0
configure:4457: result: yes
configure:4457: checking for strings.h
configure:4457: gcc -c -O  conftest.c >&5
configure:4457: $? = 0
configure:4457: result: yes
configure:4457: checking for inttypes.h
configure:4457: gcc -c -O  conftest.c >&5
configure:4457: $? = 0
configure:4457: result: yes
configure:4457: checking for stdint.h
configure:4457: gcc -c -O  conftest.c >&5
configure:4457: $? = 0
configure:4457: result: yes
configure:4457: checking for unistd.h
configure:4457: gcc -c -O  conftest.c >&5
configure:4457: $? = 0
configure:4457: result: yes
configure:4472: checking sgtty.h usability
configure:4472: gcc -c -O  conftest.c >&5
configure:4472: $? = 0
configure:4472: result: yes
configure:4472: checking sgtty.h presence
configure:4472: gcc -E  conftest.c
configure:4472: $? = 0
configure:4472: result: yes
configure:4472: checking for sgtty.h
configure:4472: result: yes
configure:4472: checking sys/ioctl.h usability
configure:4472: gcc -c -O  conftest.c >&5
configure:4472: $? = 0
configure:4472: result: yes
configure:4472: checking sys/ioctl.h presence
configure:4472: gcc -E  conftest.c
configure:4472: $? = 0
configure:4472: result: yes
configure:4472: checking for sys/ioctl.h
configure:4472: result: yes
configure:4472: checking sys/time.h usability
configure:4472: gcc -c -O  conftest.c >&5
configure:4472: $? = 0
configure:4472: result: yes
configure:4472: checking sys/time.h presence
configure:4472: gcc -E  conftest.c
configure:4472: $? = 0
configure:4472: result: yes
configure:4472: checking for sys/time.h
configure:4472: result: yes
configure:4472: checking termio.h usability
configure:4472: gcc -c -O  conftest.c >&5
configure:4472: $? = 0
configure:4472: result: yes
configure:4472: checking termio.h presence
configure:4472: gcc -E  conftest.c
configure:4472: $? = 0
configure:4472: result: yes
configure:4472: checking for termio.h
configure:4472: result: yes
configure:4472: checking termios.h usability
configure:4472: gcc -c -O  conftest.c >&5
configure:4472: $? = 0
configure:4472: result: yes
configure:4472: checking termios.h presence
configure:4472: gcc -E  conftest.c
configure:4472: $? = 0
configure:4472: result: yes
configure:4472: checking for termios.h
configure:4472: result: yes
configure:4472: checking for unistd.h
configure:4472: result: yes
configure:4484: checking for an ANSI C-conforming const
configure:4550: gcc -c -O  conftest.c >&5
configure:4550: $? = 0
configure:4557: result: yes
configure:4565: checking for inline
configure:4581: gcc -c -O  conftest.c >&5
configure:4581: $? = 0
configure:4589: result: inline
configure:4607: checking whether time.h and sys/time.h may both be included
configure:4627: gcc -c -O  conftest.c >&5
configure:4627: $? = 0
configure:4634: result: yes
configure:4642: checking whether byte ordering is bigendian
configure:4657: gcc -c -O  conftest.c >&5
conftest.c:31:9: error: unknown type name 'not'
conftest.c:31:15: error: expected '=', ',', ';', 'asm' or '__attribute__' before 'universal'
conftest.c:31:15: error: unknown type name 'universal'
configure:4657: $? = 1
configure: failed program was:
| /* confdefs.h */
| #define PACKAGE_NAME ""
| #define PACKAGE_TARNAME ""
| #define PACKAGE_VERSION ""
| #define PACKAGE_STRING ""
| #define PACKAGE_BUGREPORT ""
| #define PACKAGE_URL ""
| #define PACKAGE "libsrp"
| #define VERSION "2.0.0"
| #define HAVE_LIBNSL 1
| #define HAVE_LIBDL 1
| #define STDC_HEADERS 1
| #define HAVE_SYS_TYPES_H 1
| #define HAVE_SYS_STAT_H 1
| #define HAVE_STDLIB_H 1
| #define HAVE_STRING_H 1
| #define HAVE_MEMORY_H 1
| #define HAVE_STRINGS_H 1
| #define HAVE_INTTYPES_H 1
| #define HAVE_STDINT_H 1
| #define HAVE_UNISTD_H 1
| #define HAVE_SGTTY_H 1
| #define HAVE_SYS_IOCTL_H 1
| #define HAVE_SYS_TIME_H 1
| #define HAVE_TERMIO_H 1
| #define HAVE_TERMIOS_H 1
| #define HAVE_UNISTD_H 1
| #define TIME_WITH_SYS_TIME 1
| /* end confdefs.h.  */
| #ifndef __APPLE_CC__
| 	       not a universal capable compiler
| 	     #endif
| 	     typedef int dummy;
| 
configure:4702: gcc -c -O  conftest.c >&5
configure:4702: $? = 0
configure:4720: gcc -c -O  conftest.c >&5
conftest.c: In function 'main':
conftest.c:37:4: error: unknown type name 'not'
conftest.c:37:12: error: expected '=', ',', ';', 'asm' or '__attribute__' before 'endian'
configure:4720: $? = 1
configure: failed program was:
| /* confdefs.h */
| #define PACKAGE_NAME ""
| #define PACKAGE_TARNAME ""
| #define PACKAGE_VERSION ""
| #define PACKAGE_STRING ""
| #define PACKAGE_BUGREPORT ""
| #define PACKAGE_URL ""
| #define PACKAGE "libsrp"
| #define VERSION "2.0.0"
| #define HAVE_LIBNSL 1
| #define HAVE_LIBDL 1
| #define STDC_HEADERS 1
| #define HAVE_SYS_TYPES_H 1
| #define HAVE_SYS_STAT_H 1
| #define HAVE_STDLIB_H 1
| #define HAVE_STRING_H 1
| #define HAVE_MEMORY_H 1
| #define HAVE_STRINGS_H 1
| #define HAVE_INTTYPES_H 1
| #define HAVE_STDINT_H 1
| #define HAVE_UNISTD_H 1
| #define HAVE_SGTTY_H 1
| #define HAVE_SYS_IOCTL_H 1
| #define HAVE_SYS_TIME_H 1
| #define HAVE_TERMIO_H 1
| #define HAVE_TERMIOS_H 1
| #define HAVE_UNISTD_H 1
| #define TIME_WITH_SYS_TIME 1
| /* end confdefs.h.  */
| #include <sys/types.h>
| 		#include <sys/param.h>
| 
| int
| main ()
| {
| #if BYTE_ORDER != BIG_ENDIAN
| 		 not big endian
| 		#endif
| 
|   ;
|   return 0;
| }
configure:4848: result: no
configure:4870: checking size of short
configure:4875: gcc -o conftest -O   conftest.c -ldl -lnsl  >&5
configure:4875: $? = 0
configure:4875: ./conftest
configure:4875: $? = 0
configure:4889: result: 2
configure:4903: checking size of int
configure:4908: gcc -o conftest -O   conftest.c -ldl -lnsl  >&5
configure:4908: $? = 0
configure:4908: ./conftest
configure:4908: $? = 0
configure:4922: result: 4
configure:4936: checking size of long
configure:4941: gcc -o conftest -O   conftest.c -ldl -lnsl  >&5
configure:4941: $? = 0
configure:4941: ./conftest
configure:4941: $? = 0
configure:4955: result: 4
configure:4976: gcc -c -O  conftest.c >&5
configure:4976: $? = 0
configure:4988: checking for sigaction
configure:4988: gcc -o conftest -O   conftest.c -ldl -lnsl  >&5
configure:4988: $? = 0
configure:4988: result: yes
configure:4988: checking for strchr
configure:4988: gcc -o conftest -O   conftest.c -ldl -lnsl  >&5
conftest.c:57:6: warning: conflicting types for built-in function 'strchr' [enabled by default]
configure:4988: $? = 0
configure:4988: result: yes
configure:4988: checking for memcpy
configure:4988: gcc -o conftest -O   conftest.c -ldl -lnsl  >&5
conftest.c:58:6: warning: conflicting types for built-in function 'memcpy' [enabled by default]
configure:4988: $? = 0
configure:4988: result: yes
configure:4997: checking return type of signal handlers
configure:5015: gcc -c -O  conftest.c >&5
conftest.c: In function 'main':
conftest.c:42:1: error: void value not ignored as it ought to be
configure:5015: $? = 1
configure: failed program was:
| /* confdefs.h */
| #define PACKAGE_NAME ""
| #define PACKAGE_TARNAME ""
| #define PACKAGE_VERSION ""
| #define PACKAGE_STRING ""
| #define PACKAGE_BUGREPORT ""
| #define PACKAGE_URL ""
| #define PACKAGE "libsrp"
| #define VERSION "2.0.0"
| #define HAVE_LIBNSL 1
| #define HAVE_LIBDL 1
| #define STDC_HEADERS 1
| #define HAVE_SYS_TYPES_H 1
| #define HAVE_SYS_STAT_H 1
| #define HAVE_STDLIB_H 1
| #define HAVE_STRING_H 1
| #define HAVE_MEMORY_H 1
| #define HAVE_STRINGS_H 1
| #define HAVE_INTTYPES_H 1
| #define HAVE_STDINT_H 1
| #define HAVE_UNISTD_H 1
| #define HAVE_SGTTY_H 1
| #define HAVE_SYS_IOCTL_H 1
| #define HAVE_SYS_TIME_H 1
| #define HAVE_TERMIO_H 1
| #define HAVE_TERMIOS_H 1
| #define HAVE_UNISTD_H 1
| #define TIME_WITH_SYS_TIME 1
| #define SIZEOF_SHORT 2
| #define SIZEOF_INT 4
| #define SIZEOF_LONG 4
| #define HAVE_SIGACTION 1
| #define HAVE_STRCHR 1
| #define HAVE_MEMCPY 1
| /* end confdefs.h.  */
| #include <sys/types.h>
| #include <signal.h>
| 
| int
| main ()
| {
| return *(signal (0, 0)) (0) == 1;
|   ;
|   return 0;
| }
configure:5022: result: void
configure:5030: checking for termios.h
configure:5030: result: yes
configure:5032: checking for cfsetispeed
configure:5032: gcc -o conftest -O   conftest.c -ldl -lnsl  >&5
configure:5032: $? = 0
configure:5032: result: yes
configure:5333: creating ./config.status

## ---------------------- ##
## Running config.status. ##
## ---------------------- ##

This file was extended by config.status, which was
generated by GNU Autoconf 2.69.  Invocation command line was

  CONFIG_FILES    = 
  CONFIG_HEADERS  = 
  CONFIG_LINKS    = 
  CONFIG_COMMANDS = 
  $ ./config.status 

on raspberrypi

config.status:872: creating Makefile
config.status:872: creating config.h
config.status:1053: config.h is unchanged
config.status:1101: executing depfiles commands

## ---------------- ##
## Cache variables. ##
## ---------------- ##

ac_cv_c_bigendian=no
ac_cv_c_compiler_gnu=yes
ac_cv_c_const=yes
ac_cv_c_inline=inline
ac_cv_env_CC_set=
ac_cv_env_CC_value=
ac_cv_env_CFLAGS_set=
ac_cv_env_CFLAGS_value=
ac_cv_env_CPPFLAGS_set=
ac_cv_env_CPPFLAGS_value=
ac_cv_env_CPP_set=
ac_cv_env_CPP_value=
ac_cv_env_LDFLAGS_set=
ac_cv_env_LDFLAGS_value=
ac_cv_env_LIBS_set=
ac_cv_env_LIBS_value=
ac_cv_env_build_alias_set=
ac_cv_env_build_alias_value=
ac_cv_env_host_alias_set=
ac_cv_env_host_alias_value=
ac_cv_env_target_alias_set=
ac_cv_env_target_alias_value=
ac_cv_func_cfsetispeed=yes
ac_cv_func_memcpy=yes
ac_cv_func_sigaction=yes
ac_cv_func_strchr=yes
ac_cv_header_inttypes_h=yes
ac_cv_header_memory_h=yes
ac_cv_header_sgtty_h=yes
ac_cv_header_stdc=yes
ac_cv_header_stdint_h=yes
ac_cv_header_stdlib_h=yes
ac_cv_header_string_h=yes
ac_cv_header_strings_h=yes
ac_cv_header_sys_ioctl_h=yes
ac_cv_header_sys_stat_h=yes
ac_cv_header_sys_time_h=yes
ac_cv_header_sys_types_h=yes
ac_cv_header_termio_h=yes
ac_cv_header_termios_h=yes
ac_cv_header_time=yes
ac_cv_header_unistd_h=yes
ac_cv_lib_dl_dlopen=yes
ac_cv_lib_nsl_gethostbyname=yes
ac_cv_lib_socket_socket=no
ac_cv_objext=o
ac_cv_path_EGREP='/bin/grep -E'
ac_cv_path_GREP=/bin/grep
ac_cv_path_install='/usr/bin/install -c'
ac_cv_path_mkdir=/bin/mkdir
ac_cv_prog_AWK=mawk
ac_cv_prog_CPP='gcc -E'
ac_cv_prog_ac_ct_CC=gcc
ac_cv_prog_ac_ct_RANLIB=ranlib
ac_cv_prog_cc_c89=
ac_cv_prog_cc_g=yes
ac_cv_prog_make_make_set=yes
ac_cv_sizeof_int=4
ac_cv_sizeof_long=4
ac_cv_sizeof_short=2
ac_cv_type_signal=void
am_cv_CC_dependencies_compiler_type=none

## ----------------- ##
## Output variables. ##
## ----------------- ##

ACLOCAL='aclocal-1.11'
AMDEPBACKSLASH='\'
AMDEP_FALSE='#'
AMDEP_TRUE=''
AMTAR='$${TAR-tar}'
AUTOCONF='autoconf'
AUTOHEADER='autoheader'
AUTOMAKE='automake-1.11'
AWK='mawk'
CC='gcc'
CCDEPMODE='depmode=none'
CFLAGS='-O'
CPP='gcc -E'
CPPFLAGS=''
CYGPATH_W='echo'
DEFS='-DHAVE_CONFIG_H'
DEPDIR='.deps'
ECHO_C=''
ECHO_N='-n'
ECHO_T=''
EGREP='/bin/grep -E'
EXEEXT=''
GREP='/bin/grep'
INSTALL_DATA='${INSTALL} -m 644'
INSTALL_PROGRAM='${INSTALL}'
INSTALL_SCRIPT='${INSTALL}'
INSTALL_STRIP_PROGRAM='$(install_sh) -c -s'
LDFLAGS=''
LIBOBJS=''
LIBS='-lcrypto -ldl -lnsl '
LN_S='ln -s'
LTLIBOBJS=''
MAKEINFO='makeinfo'
MKDIR_P='/bin/mkdir -p'
OBJEXT='o'
PACKAGE='libsrp'
PACKAGE_BUGREPORT=''
PACKAGE_NAME=''
PACKAGE_STRING=''
PACKAGE_TARNAME=''
PACKAGE_URL=''
PACKAGE_VERSION=''
PATH_SEPARATOR=':'
PICFLAG='-fPIC'
RANLIB='ranlib'
SET_MAKE=''
SHAREDFLAG='--shared'
SHELL='/bin/bash'
STRIP=''
VERSION='2.0.0'
ac_ct_CC='gcc'
am__EXEEXT_FALSE=''
am__EXEEXT_TRUE='#'
am__fastdepCC_FALSE=''
am__fastdepCC_TRUE='#'
am__include='include'
am__isrc=''
am__leading_dot='.'
am__nodep='_no'
am__quote=''
am__tar='$${TAR-tar} chof - "$$tardir"'
am__untar='$${TAR-tar} xf -'
bindir='${exec_prefix}/bin'
build_alias=''
datadir='${datarootdir}'
datarootdir='${prefix}/share'
docdir='${datarootdir}/doc/${PACKAGE}'
dvidir='${docdir}'
exec_prefix='${prefix}'
host_alias=''
htmldir='${docdir}'
includedir='${prefix}/include'
infodir='${datarootdir}/info'
install_sh='${SHELL} /home/pi/Desktop/hap/srp-2.1.2/libsrp/install-sh'
libdir='${exec_prefix}/lib'
libexecdir='${exec_prefix}/libexec'
localedir='${datarootdir}/locale'
localstatedir='${prefix}/var'
mandir='${datarootdir}/man'
mkdir_p='/bin/mkdir -p'
oldincludedir='/usr/include'
pdfdir='${docdir}'
prefix='/usr/local'
program_transform_name='s,x,x,'
psdir='${docdir}'
sbindir='${exec_prefix}/sbin'
sharedstatedir='${prefix}/com'
sysconfdir='${prefix}/etc'
target_alias=''

## ----------- ##
## confdefs.h. ##
## ----------- ##

/* confdefs.h */
#define PACKAGE_NAME ""
#define PACKAGE_TARNAME ""
#define PACKAGE_VERSION ""
#define PACKAGE_STRING ""
#define PACKAGE_BUGREPORT ""
#define PACKAGE_URL ""
#define PACKAGE "libsrp"
#define VERSION "2.0.0"
#define HAVE_LIBNSL 1
#define HAVE_LIBDL 1
#define STDC_HEADERS 1
#define HAVE_SYS_TYPES_H 1
#define HAVE_SYS_STAT_H 1
#define HAVE_STDLIB_H 1
#define HAVE_STRING_H 1
#define HAVE_MEMORY_H 1
#define HAVE_STRINGS_H 1
#define HAVE_INTTYPES_H 1
#define HAVE_STDINT_H 1
#define HAVE_UNISTD_H 1
#define HAVE_SGTTY_H 1
#define HAVE_SYS_IOCTL_H 1
#define HAVE_SYS_TIME_H 1
#define HAVE_TERMIO_H 1
#define HAVE_TERMIOS_H 1
#define HAVE_UNISTD_H 1
#define TIME_WITH_SYS_TIME 1
#define SIZEOF_SHORT 2
#define SIZEOF_INT 4
#define SIZEOF_LONG 4
#define HAVE_SIGACTION 1
#define HAVE_STRCHR 1
#define HAVE_MEMCPY 1
#define RETSIGTYPE void
#define POSIX_TERMIOS 1
#define OPENSSL 1
#define HIGHFIRST 1
#define SHA1HANDSOFF 1

configure: exit 0
