This file contains any messages produced by compilers while
running configure, to aid debugging if configure makes a mistake.

It was created by configure, which was
generated by GNU Autoconf 2.69.  Invocation command line was

  $ ./configure --disable-option-checking --prefix=/usr/local --cache-file=/dev/null --srcdir=. --no-create --no-recursion

## --------- ##
## Platform. ##
## --------- ##

hostname = raspberrypi
uname -m = armv6l
uname -r = 3.12.22+
uname -s = Linux
uname -v = #691 PREEMPT Wed Jun 18 18:29:58 BST 2014

/usr/bin/uname -p = unknown
/bin/uname -X     = unknown

/bin/arch              = unknown
/usr/bin/arch -k       = unknown
/usr/convex/getsysinfo = unknown
/usr/bin/hostinfo      = unknown
/bin/machine           = unknown
/usr/bin/oslevel       = unknown
/bin/universe          = unknown

PATH: /usr/local/sbin
PATH: /usr/local/bin
PATH: /usr/sbin
PATH: /usr/bin
PATH: /sbin
PATH: /bin
PATH: /usr/local/games
PATH: /usr/games


## ----------- ##
## Core tests. ##
## ----------- ##

configure:2331: checking for a BSD-compatible install
configure:2399: result: /usr/bin/install -c
configure:2410: checking whether build environment is sane
configure:2460: result: yes
configure:2488: WARNING: `missing' script is too old or missing
configure:2601: checking for a thread-safe mkdir -p
configure:2640: result: /bin/mkdir -p
configure:2653: checking for gawk
configure:2683: result: no
configure:2653: checking for mawk
configure:2669: found /usr/bin/mawk
configure:2680: result: mawk
configure:2691: checking whether make sets $(MAKE)
configure:2713: result: yes
configure:2844: checking for gcc
configure:2860: found /usr/bin/gcc
configure:2871: result: gcc
configure:3100: checking for C compiler version
configure:3109: gcc --version >&5
gcc (Debian 4.6.3-14+rpi1) 4.6.3
Copyright (C) 2011 Free Software Foundation, Inc.
This is free software; see the source for copying conditions.  There is NO
warranty; not even for MERCHANTABILITY or FITNESS FOR A PARTICULAR PURPOSE.

configure:3120: $? = 0
configure:3109: gcc -v >&5
Using built-in specs.
COLLECT_GCC=gcc
COLLECT_LTO_WRAPPER=/usr/lib/gcc/arm-linux-gnueabihf/4.6/lto-wrapper
Target: arm-linux-gnueabihf
Configured with: ../src/configure -v --with-pkgversion='Debian 4.6.3-14+rpi1' --with-bugurl=file:///usr/share/doc/gcc-4.6/README.Bugs --enable-languages=c,c++,fortran,objc,obj-c++ --prefix=/usr --program-suffix=-4.6 --enable-shared --enable-linker-build-id --with-system-zlib --libexecdir=/usr/lib --without-included-gettext --enable-threads=posix --with-gxx-include-dir=/usr/include/c++/4.6 --libdir=/usr/lib --enable-nls --with-sysroot=/ --enable-clocale=gnu --enable-libstdcxx-debug --enable-libstdcxx-time=yes --enable-gnu-unique-object --enable-plugin --enable-objc-gc --disable-sjlj-exceptions --with-arch=armv6 --with-fpu=vfp --with-float=hard --enable-checking=release --build=arm-linux-gnueabihf --host=arm-linux-gnueabihf --target=arm-linux-gnueabihf
Thread model: posix
gcc version 4.6.3 (Debian 4.6.3-14+rpi1) 
configure:3120: $? = 0
configure:3109: gcc -V >&5
gcc: error: unrecognized option '-V'
gcc: fatal error: no input files
compilation terminated.
configure:3120: $? = 4
configure:3109: gcc -qversion >&5
gcc: error: unrecognized option '-qversion'
gcc: fatal error: no input files
compilation terminated.
configure:3120: $? = 4
configure:3140: checking whether the C compiler works
configure:3162: gcc -O   conftest.c  >&5
configure:3166: $? = 0
configure:3214: result: yes
configure:3217: checking for C compiler default output file name
configure:3219: result: a.out
configure:3225: checking for suffix of executables
configure:3232: gcc -o conftest -O   conftest.c  >&5
configure:3236: $? = 0
configure:3258: result: 
configure:3280: checking whether we are cross compiling
configure:3288: gcc -o conftest -O   conftest.c  >&5
configure:3292: $? = 0
configure:3299: ./conftest
configure:3303: $? = 0
configure:3318: result: no
configure:3323: checking for suffix of object files
configure:3345: gcc -c -O  conftest.c >&5
configure:3349: $? = 0
configure:3370: result: o
configure:3374: checking whether we are using the GNU C compiler
configure:3393: gcc -c -O  conftest.c >&5
configure:3393: $? = 0
configure:3402: result: yes
configure:3411: checking whether gcc accepts -g
configure:3431: gcc -c -g  conftest.c >&5
configure:3431: $? = 0
configure:3472: result: yes
configure:3489: checking for gcc option to accept ISO C89
configure:3552: gcc  -c -O  conftest.c >&5
configure:3552: $? = 0
configure:3565: result: none needed
configure:3596: checking for style of include used by make
configure:3624: result: GNU
configure:3650: checking dependency style of gcc
configure:3761: result: gcc3
configure:3777: checking whether ln -s works
configure:3781: result: yes
configure:3788: checking whether make sets $(MAKE)
configure:3810: result: yes
configure:3862: checking for ranlib
configure:3878: found /usr/bin/ranlib
configure:3889: result: ranlib
configure:3918: checking for dirent.h that defines DIR
configure:3937: gcc -c -O  conftest.c >&5
configure:3937: $? = 0
configure:3945: result: yes
configure:3958: checking for library containing opendir
configure:3989: gcc -o conftest -O   conftest.c  >&5
configure:3989: $? = 0
configure:4006: result: none required
configure:4078: checking how to run the C preprocessor
configure:4109: gcc -E  conftest.c
configure:4109: $? = 0
configure:4123: gcc -E  conftest.c
conftest.c:12:28: fatal error: ac_nonexistent.h: No such file or directory
compilation terminated.
configure:4123: $? = 1
configure: failed program was:
| /* confdefs.h */
| #define PACKAGE_NAME ""
| #define PACKAGE_TARNAME ""
| #define PACKAGE_VERSION ""
| #define PACKAGE_STRING ""
| #define PACKAGE_BUGREPORT ""
| #define PACKAGE_URL ""
| #define PACKAGE "shadow"
| #define VERSION "001101"
| #define HAVE_DIRENT_H 1
| /* end confdefs.h.  */
| #include <ac_nonexistent.h>
configure:4148: result: gcc -E
configure:4168: gcc -E  conftest.c
configure:4168: $? = 0
configure:4182: gcc -E  conftest.c
conftest.c:12:28: fatal error: ac_nonexistent.h: No such file or directory
compilation terminated.
configure:4182: $? = 1
configure: failed program was:
| /* confdefs.h */
| #define PACKAGE_NAME ""
| #define PACKAGE_TARNAME ""
| #define PACKAGE_VERSION ""
| #define PACKAGE_STRING ""
| #define PACKAGE_BUGREPORT ""
| #define PACKAGE_URL ""
| #define PACKAGE "shadow"
| #define VERSION "001101"
| #define HAVE_DIRENT_H 1
| /* end confdefs.h.  */
| #include <ac_nonexistent.h>
configure:4211: checking for grep that handles long lines and -e
configure:4269: result: /bin/grep
configure:4274: checking for egrep
configure:4336: result: /bin/grep -E
configure:4341: checking for ANSI C header files
configure:4361: gcc -c -O  conftest.c >&5
configure:4361: $? = 0
configure:4434: gcc -o conftest -O   conftest.c  >&5
configure:4434: $? = 0
configure:4434: ./conftest
configure:4434: $? = 0
configure:4445: result: yes
configure:4453: checking for sys/wait.h that is POSIX.1 compatible
configure:4479: gcc -c -O  conftest.c >&5
configure:4479: $? = 0
configure:4486: result: yes
configure:4499: checking for sys/types.h
configure:4499: gcc -c -O  conftest.c >&5
configure:4499: $? = 0
configure:4499: result: yes
configure:4499: checking for sys/stat.h
configure:4499: gcc -c -O  conftest.c >&5
configure:4499: $? = 0
configure:4499: result: yes
configure:4499: checking for stdlib.h
configure:4499: gcc -c -O  conftest.c >&5
configure:4499: $? = 0
configure:4499: result: yes
configure:4499: checking for string.h
configure:4499: gcc -c -O  conftest.c >&5
configure:4499: $? = 0
configure:4499: result: yes
configure:4499: checking for memory.h
configure:4499: gcc -c -O  conftest.c >&5
configure:4499: $? = 0
configure:4499: result: yes
configure:4499: checking for strings.h
configure:4499: gcc -c -O  conftest.c >&5
configure:4499: $? = 0
configure:4499: result: yes
configure:4499: checking for inttypes.h
configure:4499: gcc -c -O  conftest.c >&5
configure:4499: $? = 0
configure:4499: result: yes
configure:4499: checking for stdint.h
configure:4499: gcc -c -O  conftest.c >&5
configure:4499: $? = 0
configure:4499: result: yes
configure:4499: checking for unistd.h
configure:4499: gcc -c -O  conftest.c >&5
configure:4499: $? = 0
configure:4499: result: yes
configure:4514: checking fcntl.h usability
configure:4514: gcc -c -O  conftest.c >&5
configure:4514: $? = 0
configure:4514: result: yes
configure:4514: checking fcntl.h presence
configure:4514: gcc -E  conftest.c
configure:4514: $? = 0
configure:4514: result: yes
configure:4514: checking for fcntl.h
configure:4514: result: yes
configure:4514: checking limits.h usability
configure:4514: gcc -c -O  conftest.c >&5
configure:4514: $? = 0
configure:4514: result: yes
configure:4514: checking limits.h presence
configure:4514: gcc -E  conftest.c
configure:4514: $? = 0
configure:4514: result: yes
configure:4514: checking for limits.h
configure:4514: result: yes
configure:4514: checking for stdlib.h
configure:4514: result: yes
configure:4514: checking for unistd.h
configure:4514: result: yes
configure:4514: checking sys/time.h usability
configure:4514: gcc -c -O  conftest.c >&5
configure:4514: $? = 0
configure:4514: result: yes
configure:4514: checking sys/time.h presence
configure:4514: gcc -E  conftest.c
configure:4514: $? = 0
configure:4514: result: yes
configure:4514: checking for sys/time.h
configure:4514: result: yes
configure:4514: checking utmp.h usability
configure:4514: gcc -c -O  conftest.c >&5
configure:4514: $? = 0
configure:4514: result: yes
configure:4514: checking utmp.h presence
configure:4514: gcc -E  conftest.c
configure:4514: $? = 0
configure:4514: result: yes
configure:4514: checking for utmp.h
configure:4514: result: yes
configure:4514: checking utmpx.h usability
configure:4514: gcc -c -O  conftest.c >&5
configure:4514: $? = 0
configure:4514: result: yes
configure:4514: checking utmpx.h presence
configure:4514: gcc -E  conftest.c
configure:4514: $? = 0
configure:4514: result: yes
configure:4514: checking for utmpx.h
configure:4514: result: yes
configure:4527: checking termios.h usability
configure:4527: gcc -c -O  conftest.c >&5
configure:4527: $? = 0
configure:4527: result: yes
configure:4527: checking termios.h presence
configure:4527: gcc -E  conftest.c
configure:4527: $? = 0
configure:4527: result: yes
configure:4527: checking for termios.h
configure:4527: result: yes
configure:4527: checking termio.h usability
configure:4527: gcc -c -O  conftest.c >&5
configure:4527: $? = 0
configure:4527: result: yes
configure:4527: checking termio.h presence
configure:4527: gcc -E  conftest.c
configure:4527: $? = 0
configure:4527: result: yes
configure:4527: checking for termio.h
configure:4527: result: yes
configure:4527: checking sgtty.h usability
configure:4527: gcc -c -O  conftest.c >&5
configure:4527: $? = 0
configure:4527: result: yes
configure:4527: checking sgtty.h presence
configure:4527: gcc -E  conftest.c
configure:4527: $? = 0
configure:4527: result: yes
configure:4527: checking for sgtty.h
configure:4527: result: yes
configure:4527: checking sys/ioctl.h usability
configure:4527: gcc -c -O  conftest.c >&5
configure:4527: $? = 0
configure:4527: result: yes
configure:4527: checking sys/ioctl.h presence
configure:4527: gcc -E  conftest.c
configure:4527: $? = 0
configure:4527: result: yes
configure:4527: checking for sys/ioctl.h
configure:4527: result: yes
configure:4527: checking syslog.h usability
configure:4527: gcc -c -O  conftest.c >&5
configure:4527: $? = 0
configure:4527: result: yes
configure:4527: checking syslog.h presence
configure:4527: gcc -E  conftest.c
configure:4527: $? = 0
configure:4527: result: yes
configure:4527: checking for syslog.h
configure:4527: result: yes
configure:4540: checking paths.h usability
configure:4540: gcc -c -O  conftest.c >&5
configure:4540: $? = 0
configure:4540: result: yes
configure:4540: checking paths.h presence
configure:4540: gcc -E  conftest.c
configure:4540: $? = 0
configure:4540: result: yes
configure:4540: checking for paths.h
configure:4540: result: yes
configure:4540: checking usersec.h usability
configure:4540: gcc -c -O  conftest.c >&5
conftest.c:69:21: fatal error: usersec.h: No such file or directory
compilation terminated.
configure:4540: $? = 1
configure: failed program was:
| /* confdefs.h */
| #define PACKAGE_NAME ""
| #define PACKAGE_TARNAME ""
| #define PACKAGE_VERSION ""
| #define PACKAGE_STRING ""
| #define PACKAGE_BUGREPORT ""
| #define PACKAGE_URL ""
| #define PACKAGE "shadow"
| #define VERSION "001101"
| #define HAVE_DIRENT_H 1
| #define STDC_HEADERS 1
| #define HAVE_SYS_WAIT_H 1
| #define HAVE_SYS_TYPES_H 1
| #define HAVE_SYS_STAT_H 1
| #define HAVE_STDLIB_H 1
| #define HAVE_STRING_H 1
| #define HAVE_MEMORY_H 1
| #define HAVE_STRINGS_H 1
| #define HAVE_INTTYPES_H 1
| #define HAVE_STDINT_H 1
| #define HAVE_UNISTD_H 1
| #define HAVE_FCNTL_H 1
| #define HAVE_LIMITS_H 1
| #define HAVE_STDLIB_H 1
| #define HAVE_UNISTD_H 1
| #define HAVE_SYS_TIME_H 1
| #define HAVE_UTMP_H 1
| #define HAVE_UTMPX_H 1
| #define HAVE_TERMIOS_H 1
| #define HAVE_TERMIO_H 1
| #define HAVE_SGTTY_H 1
| #define HAVE_SYS_IOCTL_H 1
| #define HAVE_SYSLOG_H 1
| #define HAVE_PATHS_H 1
| /* end confdefs.h.  */
| #include <stdio.h>
| #ifdef HAVE_SYS_TYPES_H
| # include <sys/types.h>
| #endif
| #ifdef HAVE_SYS_STAT_H
| # include <sys/stat.h>
| #endif
| #ifdef STDC_HEADERS
| # include <stdlib.h>
| # include <stddef.h>
| #else
| # ifdef HAVE_STDLIB_H
| #  include <stdlib.h>
| # endif
| #endif
| #ifdef HAVE_STRING_H
| # if !defined STDC_HEADERS && defined HAVE_MEMORY_H
| #  include <memory.h>
| # endif
| # include <string.h>
| #endif
| #ifdef HAVE_STRINGS_H
| # include <strings.h>
| #endif
| #ifdef HAVE_INTTYPES_H
| # include <inttypes.h>
| #endif
| #ifdef HAVE_STDINT_H
| # include <stdint.h>
| #endif
| #ifdef HAVE_UNISTD_H
| # include <unistd.h>
| #endif
| #include <usersec.h>
configure:4540: result: no
configure:4540: checking usersec.h presence
configure:4540: gcc -E  conftest.c
conftest.c:36:21: fatal error: usersec.h: No such file or directory
compilation terminated.
configure:4540: $? = 1
configure: failed program was:
| /* confdefs.h */
| #define PACKAGE_NAME ""
| #define PACKAGE_TARNAME ""
| #define PACKAGE_VERSION ""
| #define PACKAGE_STRING ""
| #define PACKAGE_BUGREPORT ""
| #define PACKAGE_URL ""
| #define PACKAGE "shadow"
| #define VERSION "001101"
| #define HAVE_DIRENT_H 1
| #define STDC_HEADERS 1
| #define HAVE_SYS_WAIT_H 1
| #define HAVE_SYS_TYPES_H 1
| #define HAVE_SYS_STAT_H 1
| #define HAVE_STDLIB_H 1
| #define HAVE_STRING_H 1
| #define HAVE_MEMORY_H 1
| #define HAVE_STRINGS_H 1
| #define HAVE_INTTYPES_H 1
| #define HAVE_STDINT_H 1
| #define HAVE_UNISTD_H 1
| #define HAVE_FCNTL_H 1
| #define HAVE_LIMITS_H 1
| #define HAVE_STDLIB_H 1
| #define HAVE_UNISTD_H 1
| #define HAVE_SYS_TIME_H 1
| #define HAVE_UTMP_H 1
| #define HAVE_UTMPX_H 1
| #define HAVE_TERMIOS_H 1
| #define HAVE_TERMIO_H 1
| #define HAVE_SGTTY_H 1
| #define HAVE_SYS_IOCTL_H 1
| #define HAVE_SYSLOG_H 1
| #define HAVE_PATHS_H 1
| /* end confdefs.h.  */
| #include <usersec.h>
configure:4540: result: no
configure:4540: checking for usersec.h
configure:4540: result: no
configure:4540: checking utime.h usability
configure:4540: gcc -c -O  conftest.c >&5
configure:4540: $? = 0
configure:4540: result: yes
configure:4540: checking utime.h presence
configure:4540: gcc -E  conftest.c
configure:4540: $? = 0
configure:4540: result: yes
configure:4540: checking for utime.h
configure:4540: result: yes
configure:4540: checking ulimit.h usability
configure:4540: gcc -c -O  conftest.c >&5
configure:4540: $? = 0
configure:4540: result: yes
configure:4540: checking ulimit.h presence
configure:4540: gcc -E  conftest.c
configure:4540: $? = 0
configure:4540: result: yes
configure:4540: checking for ulimit.h
configure:4540: result: yes
configure:4540: checking sys/resource.h usability
configure:4540: gcc -c -O  conftest.c >&5
configure:4540: $? = 0
configure:4540: result: yes
configure:4540: checking sys/resource.h presence
configure:4540: gcc -E  conftest.c
configure:4540: $? = 0
configure:4540: result: yes
configure:4540: checking for sys/resource.h
configure:4540: result: yes
configure:4553: checking gshadow.h usability
configure:4553: gcc -c -O  conftest.c >&5
configure:4553: $? = 0
configure:4553: result: yes
configure:4553: checking gshadow.h presence
configure:4553: gcc -E  conftest.c
configure:4553: $? = 0
configure:4553: result: yes
configure:4553: checking for gshadow.h
configure:4553: result: yes
configure:4553: checking shadow.h usability
configure:4553: gcc -c -O  conftest.c >&5
configure:4553: $? = 0
configure:4553: result: yes
configure:4553: checking shadow.h presence
configure:4553: gcc -E  conftest.c
configure:4553: $? = 0
configure:4553: result: yes
configure:4553: checking for shadow.h
configure:4553: result: yes
configure:4553: checking lastlog.h usability
configure:4553: gcc -c -O  conftest.c >&5
configure:4553: $? = 0
configure:4553: result: yes
configure:4553: checking lastlog.h presence
configure:4553: gcc -E  conftest.c
configure:4553: $? = 0
configure:4553: result: yes
configure:4553: checking for lastlog.h
configure:4553: result: yes
configure:4566: checking sys/label.h usability
configure:4566: gcc -c -O  conftest.c >&5
conftest.c:75:23: fatal error: sys/label.h: No such file or directory
compilation terminated.
configure:4566: $? = 1
configure: failed program was:
| /* confdefs.h */
| #define PACKAGE_NAME ""
| #define PACKAGE_TARNAME ""
| #define PACKAGE_VERSION ""
| #define PACKAGE_STRING ""
| #define PACKAGE_BUGREPORT ""
| #define PACKAGE_URL ""
| #define PACKAGE "shadow"
| #define VERSION "001101"
| #define HAVE_DIRENT_H 1
| #define STDC_HEADERS 1
| #define HAVE_SYS_WAIT_H 1
| #define HAVE_SYS_TYPES_H 1
| #define HAVE_SYS_STAT_H 1
| #define HAVE_STDLIB_H 1
| #define HAVE_STRING_H 1
| #define HAVE_MEMORY_H 1
| #define HAVE_STRINGS_H 1
| #define HAVE_INTTYPES_H 1
| #define HAVE_STDINT_H 1
| #define HAVE_UNISTD_H 1
| #define HAVE_FCNTL_H 1
| #define HAVE_LIMITS_H 1
| #define HAVE_STDLIB_H 1
| #define HAVE_UNISTD_H 1
| #define HAVE_SYS_TIME_H 1
| #define HAVE_UTMP_H 1
| #define HAVE_UTMPX_H 1
| #define HAVE_TERMIOS_H 1
| #define HAVE_TERMIO_H 1
| #define HAVE_SGTTY_H 1
| #define HAVE_SYS_IOCTL_H 1
| #define HAVE_SYSLOG_H 1
| #define HAVE_PATHS_H 1
| #define HAVE_UTIME_H 1
| #define HAVE_ULIMIT_H 1
| #define HAVE_SYS_RESOURCE_H 1
| #define HAVE_GSHADOW_H 1
| #define HAVE_SHADOW_H 1
| #define HAVE_LASTLOG_H 1
| /* end confdefs.h.  */
| #include <stdio.h>
| #ifdef HAVE_SYS_TYPES_H
| # include <sys/types.h>
| #endif
| #ifdef HAVE_SYS_STAT_H
| # include <sys/stat.h>
| #endif
| #ifdef STDC_HEADERS
| # include <stdlib.h>
| # include <stddef.h>
| #else
| # ifdef HAVE_STDLIB_H
| #  include <stdlib.h>
| # endif
| #endif
| #ifdef HAVE_STRING_H
| # if !defined STDC_HEADERS && defined HAVE_MEMORY_H
| #  include <memory.h>
| # endif
| # include <string.h>
| #endif
| #ifdef HAVE_STRINGS_H
| # include <strings.h>
| #endif
| #ifdef HAVE_INTTYPES_H
| # include <inttypes.h>
| #endif
| #ifdef HAVE_STDINT_H
| # include <stdint.h>
| #endif
| #ifdef HAVE_UNISTD_H
| # include <unistd.h>
| #endif
| #include <sys/label.h>
configure:4566: result: no
configure:4566: checking sys/label.h presence
configure:4566: gcc -E  conftest.c
conftest.c:42:23: fatal error: sys/label.h: No such file or directory
compilation terminated.
configure:4566: $? = 1
configure: failed program was:
| /* confdefs.h */
| #define PACKAGE_NAME ""
| #define PACKAGE_TARNAME ""
| #define PACKAGE_VERSION ""
| #define PACKAGE_STRING ""
| #define PACKAGE_BUGREPORT ""
| #define PACKAGE_URL ""
| #define PACKAGE "shadow"
| #define VERSION "001101"
| #define HAVE_DIRENT_H 1
| #define STDC_HEADERS 1
| #define HAVE_SYS_WAIT_H 1
| #define HAVE_SYS_TYPES_H 1
| #define HAVE_SYS_STAT_H 1
| #define HAVE_STDLIB_H 1
| #define HAVE_STRING_H 1
| #define HAVE_MEMORY_H 1
| #define HAVE_STRINGS_H 1
| #define HAVE_INTTYPES_H 1
| #define HAVE_STDINT_H 1
| #define HAVE_UNISTD_H 1
| #define HAVE_FCNTL_H 1
| #define HAVE_LIMITS_H 1
| #define HAVE_STDLIB_H 1
| #define HAVE_UNISTD_H 1
| #define HAVE_SYS_TIME_H 1
| #define HAVE_UTMP_H 1
| #define HAVE_UTMPX_H 1
| #define HAVE_TERMIOS_H 1
| #define HAVE_TERMIO_H 1
| #define HAVE_SGTTY_H 1
| #define HAVE_SYS_IOCTL_H 1
| #define HAVE_SYSLOG_H 1
| #define HAVE_PATHS_H 1
| #define HAVE_UTIME_H 1
| #define HAVE_ULIMIT_H 1
| #define HAVE_SYS_RESOURCE_H 1
| #define HAVE_GSHADOW_H 1
| #define HAVE_SHADOW_H 1
| #define HAVE_LASTLOG_H 1
| /* end confdefs.h.  */
| #include <sys/label.h>
configure:4566: result: no
configure:4566: checking for sys/label.h
configure:4566: result: no
configure:4566: checking sys/select.h usability
configure:4566: gcc -c -O  conftest.c >&5
configure:4566: $? = 0
configure:4566: result: yes
configure:4566: checking sys/select.h presence
configure:4566: gcc -E  conftest.c
configure:4566: $? = 0
configure:4566: result: yes
configure:4566: checking for sys/select.h
configure:4566: result: yes
configure:4593: gcc -c -O  conftest.c >&5
configure:4593: $? = 0
configure:4622: gcc -c -O  conftest.c >&5
configure:4622: $? = 0
configure:4654: gcc -c -O  conftest.c >&5
conftest.c: In function 'main':
conftest.c:62:2: error: 'struct utmpx' has no member named 'ut_syslen'
configure:4654: $? = 1
configure: failed program was:
| /* confdefs.h */
| #define PACKAGE_NAME ""
| #define PACKAGE_TARNAME ""
| #define PACKAGE_VERSION ""
| #define PACKAGE_STRING ""
| #define PACKAGE_BUGREPORT ""
| #define PACKAGE_URL ""
| #define PACKAGE "shadow"
| #define VERSION "001101"
| #define HAVE_DIRENT_H 1
| #define STDC_HEADERS 1
| #define HAVE_SYS_WAIT_H 1
| #define HAVE_SYS_TYPES_H 1
| #define HAVE_SYS_STAT_H 1
| #define HAVE_STDLIB_H 1
| #define HAVE_STRING_H 1
| #define HAVE_MEMORY_H 1
| #define HAVE_STRINGS_H 1
| #define HAVE_INTTYPES_H 1
| #define HAVE_STDINT_H 1
| #define HAVE_UNISTD_H 1
| #define HAVE_FCNTL_H 1
| #define HAVE_LIMITS_H 1
| #define HAVE_STDLIB_H 1
| #define HAVE_UNISTD_H 1
| #define HAVE_SYS_TIME_H 1
| #define HAVE_UTMP_H 1
| #define HAVE_UTMPX_H 1
| #define HAVE_TERMIOS_H 1
| #define HAVE_TERMIO_H 1
| #define HAVE_SGTTY_H 1
| #define HAVE_SYS_IOCTL_H 1
| #define HAVE_SYSLOG_H 1
| #define HAVE_PATHS_H 1
| #define HAVE_UTIME_H 1
| #define HAVE_ULIMIT_H 1
| #define HAVE_SYS_RESOURCE_H 1
| #define HAVE_GSHADOW_H 1
| #define HAVE_SHADOW_H 1
| #define HAVE_LASTLOG_H 1
| #define HAVE_SYS_SELECT_H 1
| #define UT_HOST 1
| #define UT_USER ut_user
| /* end confdefs.h.  */
| 
| #include <time.h>
| #ifdef HAVE_UTMPX_H
| #include <utmpx.h>
| #else
| #include <utmp.h>
| #endif
| 
| int
| main ()
| {
| 
| #ifdef HAVE_UTMPX_H
| struct utmpx u;
| #else
| struct utmp u;
| #endif
| u.ut_syslen;
|   ;
|   return 0;
| }
configure:4673: gcc -c -O  conftest.c >&5
configure:4673: $? = 0
configure:4691: checking for an ANSI C-conforming const
configure:4757: gcc -c -O  conftest.c >&5
configure:4757: $? = 0
configure:4764: result: yes
configure:4772: checking for uid_t in sys/types.h
configure:4791: result: yes
configure:4802: checking for off_t
configure:4802: gcc -c -O  conftest.c >&5
configure:4802: $? = 0
configure:4802: gcc -c -O  conftest.c >&5
conftest.c: In function 'main':
conftest.c:83:20: error: expected expression before ')' token
configure:4802: $? = 1
configure: failed program was:
| /* confdefs.h */
| #define PACKAGE_NAME ""
| #define PACKAGE_TARNAME ""
| #define PACKAGE_VERSION ""
| #define PACKAGE_STRING ""
| #define PACKAGE_BUGREPORT ""
| #define PACKAGE_URL ""
| #define PACKAGE "shadow"
| #define VERSION "001101"
| #define HAVE_DIRENT_H 1
| #define STDC_HEADERS 1
| #define HAVE_SYS_WAIT_H 1
| #define HAVE_SYS_TYPES_H 1
| #define HAVE_SYS_STAT_H 1
| #define HAVE_STDLIB_H 1
| #define HAVE_STRING_H 1
| #define HAVE_MEMORY_H 1
| #define HAVE_STRINGS_H 1
| #define HAVE_INTTYPES_H 1
| #define HAVE_STDINT_H 1
| #define HAVE_UNISTD_H 1
| #define HAVE_FCNTL_H 1
| #define HAVE_LIMITS_H 1
| #define HAVE_STDLIB_H 1
| #define HAVE_UNISTD_H 1
| #define HAVE_SYS_TIME_H 1
| #define HAVE_UTMP_H 1
| #define HAVE_UTMPX_H 1
| #define HAVE_TERMIOS_H 1
| #define HAVE_TERMIO_H 1
| #define HAVE_SGTTY_H 1
| #define HAVE_SYS_IOCTL_H 1
| #define HAVE_SYSLOG_H 1
| #define HAVE_PATHS_H 1
| #define HAVE_UTIME_H 1
| #define HAVE_ULIMIT_H 1
| #define HAVE_SYS_RESOURCE_H 1
| #define HAVE_GSHADOW_H 1
| #define HAVE_SHADOW_H 1
| #define HAVE_LASTLOG_H 1
| #define HAVE_SYS_SELECT_H 1
| #define UT_HOST 1
| #define UT_USER ut_user
| #define UTMP_LASTLOG 1
| #define HAVE_LL_HOST 1
| /* end confdefs.h.  */
| #include <stdio.h>
| #ifdef HAVE_SYS_TYPES_H
| # include <sys/types.h>
| #endif
| #ifdef HAVE_SYS_STAT_H
| # include <sys/stat.h>
| #endif
| #ifdef STDC_HEADERS
| # include <stdlib.h>
| # include <stddef.h>
| #else
| # ifdef HAVE_STDLIB_H
| #  include <stdlib.h>
| # endif
| #endif
| #ifdef HAVE_STRING_H
| # if !defined STDC_HEADERS && defined HAVE_MEMORY_H
| #  include <memory.h>
| # endif
| # include <string.h>
| #endif
| #ifdef HAVE_STRINGS_H
| # include <strings.h>
| #endif
| #ifdef HAVE_INTTYPES_H
| # include <inttypes.h>
| #endif
| #ifdef HAVE_STDINT_H
| # include <stdint.h>
| #endif
| #ifdef HAVE_UNISTD_H
| # include <unistd.h>
| #endif
| int
| main ()
| {
| if (sizeof ((off_t)))
| 	    return 0;
|   ;
|   return 0;
| }
configure:4802: result: yes
configure:4813: checking for pid_t
configure:4813: gcc -c -O  conftest.c >&5
configure:4813: $? = 0
configure:4813: gcc -c -O  conftest.c >&5
conftest.c: In function 'main':
conftest.c:83:20: error: expected expression before ')' token
configure:4813: $? = 1
configure: failed program was:
| /* confdefs.h */
| #define PACKAGE_NAME ""
| #define PACKAGE_TARNAME ""
| #define PACKAGE_VERSION ""
| #define PACKAGE_STRING ""
| #define PACKAGE_BUGREPORT ""
| #define PACKAGE_URL ""
| #define PACKAGE "shadow"
| #define VERSION "001101"
| #define HAVE_DIRENT_H 1
| #define STDC_HEADERS 1
| #define HAVE_SYS_WAIT_H 1
| #define HAVE_SYS_TYPES_H 1
| #define HAVE_SYS_STAT_H 1
| #define HAVE_STDLIB_H 1
| #define HAVE_STRING_H 1
| #define HAVE_MEMORY_H 1
| #define HAVE_STRINGS_H 1
| #define HAVE_INTTYPES_H 1
| #define HAVE_STDINT_H 1
| #define HAVE_UNISTD_H 1
| #define HAVE_FCNTL_H 1
| #define HAVE_LIMITS_H 1
| #define HAVE_STDLIB_H 1
| #define HAVE_UNISTD_H 1
| #define HAVE_SYS_TIME_H 1
| #define HAVE_UTMP_H 1
| #define HAVE_UTMPX_H 1
| #define HAVE_TERMIOS_H 1
| #define HAVE_TERMIO_H 1
| #define HAVE_SGTTY_H 1
| #define HAVE_SYS_IOCTL_H 1
| #define HAVE_SYSLOG_H 1
| #define HAVE_PATHS_H 1
| #define HAVE_UTIME_H 1
| #define HAVE_ULIMIT_H 1
| #define HAVE_SYS_RESOURCE_H 1
| #define HAVE_GSHADOW_H 1
| #define HAVE_SHADOW_H 1
| #define HAVE_LASTLOG_H 1
| #define HAVE_SYS_SELECT_H 1
| #define UT_HOST 1
| #define UT_USER ut_user
| #define UTMP_LASTLOG 1
| #define HAVE_LL_HOST 1
| /* end confdefs.h.  */
| #include <stdio.h>
| #ifdef HAVE_SYS_TYPES_H
| # include <sys/types.h>
| #endif
| #ifdef HAVE_SYS_STAT_H
| # include <sys/stat.h>
| #endif
| #ifdef STDC_HEADERS
| # include <stdlib.h>
| # include <stddef.h>
| #else
| # ifdef HAVE_STDLIB_H
| #  include <stdlib.h>
| # endif
| #endif
| #ifdef HAVE_STRING_H
| # if !defined STDC_HEADERS && defined HAVE_MEMORY_H
| #  include <memory.h>
| # endif
| # include <string.h>
| #endif
| #ifdef HAVE_STRINGS_H
| # include <strings.h>
| #endif
| #ifdef HAVE_INTTYPES_H
| # include <inttypes.h>
| #endif
| #ifdef HAVE_STDINT_H
| # include <stdint.h>
| #endif
| #ifdef HAVE_UNISTD_H
| # include <unistd.h>
| #endif
| int
| main ()
| {
| if (sizeof ((pid_t)))
| 	    return 0;
|   ;
|   return 0;
| }
configure:4813: result: yes
configure:4824: checking for struct stat.st_rdev
configure:4824: gcc -c -O  conftest.c >&5
configure:4824: $? = 0
configure:4824: result: yes
configure:4837: checking whether time.h and sys/time.h may both be included
configure:4857: gcc -c -O  conftest.c >&5
configure:4857: $? = 0
configure:4864: result: yes
configure:4872: checking whether struct tm is in sys/time.h or time.h
configure:4892: gcc -c -O  conftest.c >&5
configure:4892: $? = 0
configure:4899: result: time.h
configure:4908: checking type of array argument to getgroups
configure:4942: gcc -o conftest -O   conftest.c  >&5
configure:4942: $? = 0
configure:4942: ./conftest
configure:4942: $? = 0
configure:4967: result: gid_t
configure:4976: checking whether gcc needs -traditional
configure:5010: result: no
configure:5017: checking return type of signal handlers
configure:5035: gcc -c -O  conftest.c >&5
conftest.c: In function 'main':
conftest.c:57:1: error: void value not ignored as it ought to be
configure:5035: $? = 1
configure: failed program was:
| /* confdefs.h */
| #define PACKAGE_NAME ""
| #define PACKAGE_TARNAME ""
| #define PACKAGE_VERSION ""
| #define PACKAGE_STRING ""
| #define PACKAGE_BUGREPORT ""
| #define PACKAGE_URL ""
| #define PACKAGE "shadow"
| #define VERSION "001101"
| #define HAVE_DIRENT_H 1
| #define STDC_HEADERS 1
| #define HAVE_SYS_WAIT_H 1
| #define HAVE_SYS_TYPES_H 1
| #define HAVE_SYS_STAT_H 1
| #define HAVE_STDLIB_H 1
| #define HAVE_STRING_H 1
| #define HAVE_MEMORY_H 1
| #define HAVE_STRINGS_H 1
| #define HAVE_INTTYPES_H 1
| #define HAVE_STDINT_H 1
| #define HAVE_UNISTD_H 1
| #define HAVE_FCNTL_H 1
| #define HAVE_LIMITS_H 1
| #define HAVE_STDLIB_H 1
| #define HAVE_UNISTD_H 1
| #define HAVE_SYS_TIME_H 1
| #define HAVE_UTMP_H 1
| #define HAVE_UTMPX_H 1
| #define HAVE_TERMIOS_H 1
| #define HAVE_TERMIO_H 1
| #define HAVE_SGTTY_H 1
| #define HAVE_SYS_IOCTL_H 1
| #define HAVE_SYSLOG_H 1
| #define HAVE_PATHS_H 1
| #define HAVE_UTIME_H 1
| #define HAVE_ULIMIT_H 1
| #define HAVE_SYS_RESOURCE_H 1
| #define HAVE_GSHADOW_H 1
| #define HAVE_SHADOW_H 1
| #define HAVE_LASTLOG_H 1
| #define HAVE_SYS_SELECT_H 1
| #define UT_HOST 1
| #define UT_USER ut_user
| #define UTMP_LASTLOG 1
| #define HAVE_LL_HOST 1
| #define HAVE_STRUCT_STAT_ST_RDEV 1
| #define HAVE_ST_RDEV 1
| #define TIME_WITH_SYS_TIME 1
| #define GETGROUPS_T gid_t
| /* end confdefs.h.  */
| #include <sys/types.h>
| #include <signal.h>
| 
| int
| main ()
| {
| return *(signal (0, 0)) (0) == 1;
|   ;
|   return 0;
| }
configure:5042: result: void
configure:5056: checking for utime.h
configure:5056: result: yes
configure:5070: checking whether utime accepts a null argument
configure:5099: gcc -o conftest -O   conftest.c  >&5
configure:5099: $? = 0
configure:5099: ./conftest
configure:5099: $? = 0
configure:5109: result: yes
configure:5121: checking for strftime
configure:5121: gcc -o conftest -O   conftest.c  >&5
conftest.c:77:6: warning: conflicting types for built-in function 'strftime' [enabled by default]
configure:5121: $? = 0
configure:5121: result: yes
configure:5177: checking for a64l
configure:5177: gcc -o conftest -O   conftest.c  >&5
configure:5177: $? = 0
configure:5177: result: yes
configure:5177: checking for fchmod
configure:5177: gcc -o conftest -O   conftest.c  >&5
configure:5177: $? = 0
configure:5177: result: yes
configure:5177: checking for fchown
configure:5177: gcc -o conftest -O   conftest.c  >&5
configure:5177: $? = 0
configure:5177: result: yes
configure:5177: checking for fsync
configure:5177: gcc -o conftest -O   conftest.c  >&5
configure:5177: $? = 0
configure:5177: result: yes
configure:5177: checking for getgroups
configure:5177: gcc -o conftest -O   conftest.c  >&5
configure:5177: $? = 0
configure:5177: result: yes
configure:5177: checking for gethostname
configure:5177: gcc -o conftest -O   conftest.c  >&5
configure:5177: $? = 0
configure:5177: result: yes
configure:5189: checking for getspnam
configure:5189: gcc -o conftest -O   conftest.c  >&5
configure:5189: $? = 0
configure:5189: result: yes
configure:5189: checking for gettimeofday
configure:5189: gcc -o conftest -O   conftest.c  >&5
configure:5189: $? = 0
configure:5189: result: yes
configure:5189: checking for getusershell
configure:5189: gcc -o conftest -O   conftest.c  >&5
configure:5189: $? = 0
configure:5189: result: yes
configure:5189: checking for getutent
configure:5189: gcc -o conftest -O   conftest.c  >&5
configure:5189: $? = 0
configure:5189: result: yes
configure:5189: checking for initgroups
configure:5189: gcc -o conftest -O   conftest.c  >&5
configure:5189: $? = 0
configure:5189: result: yes
configure:5201: checking for setgroups
configure:5201: gcc -o conftest -O   conftest.c  >&5
configure:5201: $? = 0
configure:5201: result: yes
configure:5201: checking for sigaction
configure:5201: gcc -o conftest -O   conftest.c  >&5
configure:5201: $? = 0
configure:5201: result: yes
configure:5211: checking for mkdir
configure:5211: gcc -o conftest -O   conftest.c  >&5
configure:5211: $? = 0
configure:5211: result: yes
configure:5224: checking for putgrent
configure:5224: gcc -o conftest -O   conftest.c  >&5
configure:5224: $? = 0
configure:5224: result: yes
configure:5237: checking for putpwent
configure:5237: gcc -o conftest -O   conftest.c  >&5
configure:5237: $? = 0
configure:5237: result: yes
configure:5250: checking for putspent
configure:5250: gcc -o conftest -O   conftest.c  >&5
configure:5250: $? = 0
configure:5250: result: yes
configure:5263: checking for rename
configure:5263: gcc -o conftest -O   conftest.c  >&5
configure:5263: $? = 0
configure:5263: result: yes
configure:5276: checking for rmdir
configure:5276: gcc -o conftest -O   conftest.c  >&5
configure:5276: $? = 0
configure:5276: result: yes
configure:5290: checking for sgetgrent
configure:5290: gcc -o conftest -O   conftest.c  >&5
/tmp/cc9jcONo.o: In function `main':
conftest.c:(.text+0x4): undefined reference to `sgetgrent'
collect2: ld returned 1 exit status
configure:5290: $? = 1
configure: failed program was:
| /* confdefs.h */
| #define PACKAGE_NAME ""
| #define PACKAGE_TARNAME ""
| #define PACKAGE_VERSION ""
| #define PACKAGE_STRING ""
| #define PACKAGE_BUGREPORT ""
| #define PACKAGE_URL ""
| #define PACKAGE "shadow"
| #define VERSION "001101"
| #define HAVE_DIRENT_H 1
| #define STDC_HEADERS 1
| #define HAVE_SYS_WAIT_H 1
| #define HAVE_SYS_TYPES_H 1
| #define HAVE_SYS_STAT_H 1
| #define HAVE_STDLIB_H 1
| #define HAVE_STRING_H 1
| #define HAVE_MEMORY_H 1
| #define HAVE_STRINGS_H 1
| #define HAVE_INTTYPES_H 1
| #define HAVE_STDINT_H 1
| #define HAVE_UNISTD_H 1
| #define HAVE_FCNTL_H 1
| #define HAVE_LIMITS_H 1
| #define HAVE_STDLIB_H 1
| #define HAVE_UNISTD_H 1
| #define HAVE_SYS_TIME_H 1
| #define HAVE_UTMP_H 1
| #define HAVE_UTMPX_H 1
| #define HAVE_TERMIOS_H 1
| #define HAVE_TERMIO_H 1
| #define HAVE_SGTTY_H 1
| #define HAVE_SYS_IOCTL_H 1
| #define HAVE_SYSLOG_H 1
| #define HAVE_PATHS_H 1
| #define HAVE_UTIME_H 1
| #define HAVE_ULIMIT_H 1
| #define HAVE_SYS_RESOURCE_H 1
| #define HAVE_GSHADOW_H 1
| #define HAVE_SHADOW_H 1
| #define HAVE_LASTLOG_H 1
| #define HAVE_SYS_SELECT_H 1
| #define UT_HOST 1
| #define UT_USER ut_user
| #define UTMP_LASTLOG 1
| #define HAVE_LL_HOST 1
| #define HAVE_STRUCT_STAT_ST_RDEV 1
| #define HAVE_ST_RDEV 1
| #define TIME_WITH_SYS_TIME 1
| #define GETGROUPS_T gid_t
| #define RETSIGTYPE void
| #define HAVE_UTIME_H 1
| #define HAVE_UTIME_NULL 1
| #define HAVE_STRFTIME 1
| #define HAVE_A64L 1
| #define HAVE_FCHMOD 1
| #define HAVE_FCHOWN 1
| #define HAVE_FSYNC 1
| #define HAVE_GETGROUPS 1
| #define HAVE_GETHOSTNAME 1
| #define HAVE_GETSPNAM 1
| #define HAVE_GETTIMEOFDAY 1
| #define HAVE_GETUSERSHELL 1
| #define HAVE_GETUTENT 1
| #define HAVE_INITGROUPS 1
| #define HAVE_SETGROUPS 1
| #define HAVE_SIGACTION 1
| #define HAVE_MKDIR 1
| #define HAVE_PUTGRENT 1
| #define HAVE_PUTPWENT 1
| #define HAVE_PUTSPENT 1
| #define HAVE_RENAME 1
| #define HAVE_RMDIR 1
| /* end confdefs.h.  */
| /* Define sgetgrent to an innocuous variant, in case <limits.h> declares sgetgrent.
|    For example, HP-UX 11i <limits.h> declares gettimeofday.  */
| #define sgetgrent innocuous_sgetgrent
| 
| /* System header to define __stub macros and hopefully few prototypes,
|     which can conflict with char sgetgrent (); below.
|     Prefer <limits.h> to <assert.h> if __STDC__ is defined, since
|     <limits.h> exists even on freestanding compilers.  */
| 
| #ifdef __STDC__
| # include <limits.h>
| #else
| # include <assert.h>
| #endif
| 
| #undef sgetgrent
| 
| /* Override any GCC internal prototype to avoid an error.
|    Use char because int might match the return type of a GCC
|    builtin and then its argument prototype would still apply.  */
| #ifdef __cplusplus
| extern "C"
| #endif
| char sgetgrent ();
| /* The GNU C library defines this for functions which it implements
|     to always fail with ENOSYS.  Some functions are actually named
|     something starting with __ and the normal name is an alias.  */
| #if defined __stub_sgetgrent || defined __stub___sgetgrent
| choke me
| #endif
| 
| int
| main ()
| {
| return sgetgrent ();
|   ;
|   return 0;
| }
configure:5290: result: no
configure:5303: checking for sgetpwent
configure:5303: gcc -o conftest -O   conftest.c  >&5
/tmp/ccSYrHSg.o: In function `main':
conftest.c:(.text+0x4): undefined reference to `sgetpwent'
collect2: ld returned 1 exit status
configure:5303: $? = 1
configure: failed program was:
| /* confdefs.h */
| #define PACKAGE_NAME ""
| #define PACKAGE_TARNAME ""
| #define PACKAGE_VERSION ""
| #define PACKAGE_STRING ""
| #define PACKAGE_BUGREPORT ""
| #define PACKAGE_URL ""
| #define PACKAGE "shadow"
| #define VERSION "001101"
| #define HAVE_DIRENT_H 1
| #define STDC_HEADERS 1
| #define HAVE_SYS_WAIT_H 1
| #define HAVE_SYS_TYPES_H 1
| #define HAVE_SYS_STAT_H 1
| #define HAVE_STDLIB_H 1
| #define HAVE_STRING_H 1
| #define HAVE_MEMORY_H 1
| #define HAVE_STRINGS_H 1
| #define HAVE_INTTYPES_H 1
| #define HAVE_STDINT_H 1
| #define HAVE_UNISTD_H 1
| #define HAVE_FCNTL_H 1
| #define HAVE_LIMITS_H 1
| #define HAVE_STDLIB_H 1
| #define HAVE_UNISTD_H 1
| #define HAVE_SYS_TIME_H 1
| #define HAVE_UTMP_H 1
| #define HAVE_UTMPX_H 1
| #define HAVE_TERMIOS_H 1
| #define HAVE_TERMIO_H 1
| #define HAVE_SGTTY_H 1
| #define HAVE_SYS_IOCTL_H 1
| #define HAVE_SYSLOG_H 1
| #define HAVE_PATHS_H 1
| #define HAVE_UTIME_H 1
| #define HAVE_ULIMIT_H 1
| #define HAVE_SYS_RESOURCE_H 1
| #define HAVE_GSHADOW_H 1
| #define HAVE_SHADOW_H 1
| #define HAVE_LASTLOG_H 1
| #define HAVE_SYS_SELECT_H 1
| #define UT_HOST 1
| #define UT_USER ut_user
| #define UTMP_LASTLOG 1
| #define HAVE_LL_HOST 1
| #define HAVE_STRUCT_STAT_ST_RDEV 1
| #define HAVE_ST_RDEV 1
| #define TIME_WITH_SYS_TIME 1
| #define GETGROUPS_T gid_t
| #define RETSIGTYPE void
| #define HAVE_UTIME_H 1
| #define HAVE_UTIME_NULL 1
| #define HAVE_STRFTIME 1
| #define HAVE_A64L 1
| #define HAVE_FCHMOD 1
| #define HAVE_FCHOWN 1
| #define HAVE_FSYNC 1
| #define HAVE_GETGROUPS 1
| #define HAVE_GETHOSTNAME 1
| #define HAVE_GETSPNAM 1
| #define HAVE_GETTIMEOFDAY 1
| #define HAVE_GETUSERSHELL 1
| #define HAVE_GETUTENT 1
| #define HAVE_INITGROUPS 1
| #define HAVE_SETGROUPS 1
| #define HAVE_SIGACTION 1
| #define HAVE_MKDIR 1
| #define HAVE_PUTGRENT 1
| #define HAVE_PUTPWENT 1
| #define HAVE_PUTSPENT 1
| #define HAVE_RENAME 1
| #define HAVE_RMDIR 1
| /* end confdefs.h.  */
| /* Define sgetpwent to an innocuous variant, in case <limits.h> declares sgetpwent.
|    For example, HP-UX 11i <limits.h> declares gettimeofday.  */
| #define sgetpwent innocuous_sgetpwent
| 
| /* System header to define __stub macros and hopefully few prototypes,
|     which can conflict with char sgetpwent (); below.
|     Prefer <limits.h> to <assert.h> if __STDC__ is defined, since
|     <limits.h> exists even on freestanding compilers.  */
| 
| #ifdef __STDC__
| # include <limits.h>
| #else
| # include <assert.h>
| #endif
| 
| #undef sgetpwent
| 
| /* Override any GCC internal prototype to avoid an error.
|    Use char because int might match the return type of a GCC
|    builtin and then its argument prototype would still apply.  */
| #ifdef __cplusplus
| extern "C"
| #endif
| char sgetpwent ();
| /* The GNU C library defines this for functions which it implements
|     to always fail with ENOSYS.  Some functions are actually named
|     something starting with __ and the normal name is an alias.  */
| #if defined __stub_sgetpwent || defined __stub___sgetpwent
| choke me
| #endif
| 
| int
| main ()
| {
| return sgetpwent ();
|   ;
|   return 0;
| }
configure:5303: result: no
configure:5316: checking for sgetspent
configure:5316: gcc -o conftest -O   conftest.c  >&5
configure:5316: $? = 0
configure:5316: result: yes
configure:5329: checking for strdup
configure:5329: gcc -o conftest -O   conftest.c  >&5
conftest.c:98:6: warning: conflicting types for built-in function 'strdup' [enabled by default]
configure:5329: $? = 0
configure:5329: result: yes
configure:5342: checking for strstr
configure:5342: gcc -o conftest -O   conftest.c  >&5
conftest.c:99:6: warning: conflicting types for built-in function 'strstr' [enabled by default]
configure:5342: $? = 0
configure:5342: result: yes
configure:5357: checking for pw_age in struct passwd
configure:5373: gcc -c -O  conftest.c >&5
conftest.c: In function 'main':
conftest.c:81:23: error: 'struct passwd' has no member named 'pw_age'
configure:5373: $? = 1
configure: failed program was:
| /* confdefs.h */
| #define PACKAGE_NAME ""
| #define PACKAGE_TARNAME ""
| #define PACKAGE_VERSION ""
| #define PACKAGE_STRING ""
| #define PACKAGE_BUGREPORT ""
| #define PACKAGE_URL ""
| #define PACKAGE "shadow"
| #define VERSION "001101"
| #define HAVE_DIRENT_H 1
| #define STDC_HEADERS 1
| #define HAVE_SYS_WAIT_H 1
| #define HAVE_SYS_TYPES_H 1
| #define HAVE_SYS_STAT_H 1
| #define HAVE_STDLIB_H 1
| #define HAVE_STRING_H 1
| #define HAVE_MEMORY_H 1
| #define HAVE_STRINGS_H 1
| #define HAVE_INTTYPES_H 1
| #define HAVE_STDINT_H 1
| #define HAVE_UNISTD_H 1
| #define HAVE_FCNTL_H 1
| #define HAVE_LIMITS_H 1
| #define HAVE_STDLIB_H 1
| #define HAVE_UNISTD_H 1
| #define HAVE_SYS_TIME_H 1
| #define HAVE_UTMP_H 1
| #define HAVE_UTMPX_H 1
| #define HAVE_TERMIOS_H 1
| #define HAVE_TERMIO_H 1
| #define HAVE_SGTTY_H 1
| #define HAVE_SYS_IOCTL_H 1
| #define HAVE_SYSLOG_H 1
| #define HAVE_PATHS_H 1
| #define HAVE_UTIME_H 1
| #define HAVE_ULIMIT_H 1
| #define HAVE_SYS_RESOURCE_H 1
| #define HAVE_GSHADOW_H 1
| #define HAVE_SHADOW_H 1
| #define HAVE_LASTLOG_H 1
| #define HAVE_SYS_SELECT_H 1
| #define UT_HOST 1
| #define UT_USER ut_user
| #define UTMP_LASTLOG 1
| #define HAVE_LL_HOST 1
| #define HAVE_STRUCT_STAT_ST_RDEV 1
| #define HAVE_ST_RDEV 1
| #define TIME_WITH_SYS_TIME 1
| #define GETGROUPS_T gid_t
| #define RETSIGTYPE void
| #define HAVE_UTIME_H 1
| #define HAVE_UTIME_NULL 1
| #define HAVE_STRFTIME 1
| #define HAVE_A64L 1
| #define HAVE_FCHMOD 1
| #define HAVE_FCHOWN 1
| #define HAVE_FSYNC 1
| #define HAVE_GETGROUPS 1
| #define HAVE_GETHOSTNAME 1
| #define HAVE_GETSPNAM 1
| #define HAVE_GETTIMEOFDAY 1
| #define HAVE_GETUSERSHELL 1
| #define HAVE_GETUTENT 1
| #define HAVE_INITGROUPS 1
| #define HAVE_SETGROUPS 1
| #define HAVE_SIGACTION 1
| #define HAVE_MKDIR 1
| #define HAVE_PUTGRENT 1
| #define HAVE_PUTPWENT 1
| #define HAVE_PUTSPENT 1
| #define HAVE_RENAME 1
| #define HAVE_RMDIR 1
| #define HAVE_SGETSPENT 1
| #define HAVE_STRDUP 1
| #define HAVE_STRSTR 1
| /* end confdefs.h.  */
| #include <pwd.h>
| int
| main ()
| {
|  struct passwd pw;  pw.pw_age = ""
|   ;
|   return 0;
| }
configure:5380: result: no
configure:5388: checking for pw_comment in struct passwd
configure:5404: gcc -c -O  conftest.c >&5
conftest.c: In function 'main':
conftest.c:81:23: error: 'struct passwd' has no member named 'pw_comment'
configure:5404: $? = 1
configure: failed program was:
| /* confdefs.h */
| #define PACKAGE_NAME ""
| #define PACKAGE_TARNAME ""
| #define PACKAGE_VERSION ""
| #define PACKAGE_STRING ""
| #define PACKAGE_BUGREPORT ""
| #define PACKAGE_URL ""
| #define PACKAGE "shadow"
| #define VERSION "001101"
| #define HAVE_DIRENT_H 1
| #define STDC_HEADERS 1
| #define HAVE_SYS_WAIT_H 1
| #define HAVE_SYS_TYPES_H 1
| #define HAVE_SYS_STAT_H 1
| #define HAVE_STDLIB_H 1
| #define HAVE_STRING_H 1
| #define HAVE_MEMORY_H 1
| #define HAVE_STRINGS_H 1
| #define HAVE_INTTYPES_H 1
| #define HAVE_STDINT_H 1
| #define HAVE_UNISTD_H 1
| #define HAVE_FCNTL_H 1
| #define HAVE_LIMITS_H 1
| #define HAVE_STDLIB_H 1
| #define HAVE_UNISTD_H 1
| #define HAVE_SYS_TIME_H 1
| #define HAVE_UTMP_H 1
| #define HAVE_UTMPX_H 1
| #define HAVE_TERMIOS_H 1
| #define HAVE_TERMIO_H 1
| #define HAVE_SGTTY_H 1
| #define HAVE_SYS_IOCTL_H 1
| #define HAVE_SYSLOG_H 1
| #define HAVE_PATHS_H 1
| #define HAVE_UTIME_H 1
| #define HAVE_ULIMIT_H 1
| #define HAVE_SYS_RESOURCE_H 1
| #define HAVE_GSHADOW_H 1
| #define HAVE_SHADOW_H 1
| #define HAVE_LASTLOG_H 1
| #define HAVE_SYS_SELECT_H 1
| #define UT_HOST 1
| #define UT_USER ut_user
| #define UTMP_LASTLOG 1
| #define HAVE_LL_HOST 1
| #define HAVE_STRUCT_STAT_ST_RDEV 1
| #define HAVE_ST_RDEV 1
| #define TIME_WITH_SYS_TIME 1
| #define GETGROUPS_T gid_t
| #define RETSIGTYPE void
| #define HAVE_UTIME_H 1
| #define HAVE_UTIME_NULL 1
| #define HAVE_STRFTIME 1
| #define HAVE_A64L 1
| #define HAVE_FCHMOD 1
| #define HAVE_FCHOWN 1
| #define HAVE_FSYNC 1
| #define HAVE_GETGROUPS 1
| #define HAVE_GETHOSTNAME 1
| #define HAVE_GETSPNAM 1
| #define HAVE_GETTIMEOFDAY 1
| #define HAVE_GETUSERSHELL 1
| #define HAVE_GETUTENT 1
| #define HAVE_INITGROUPS 1
| #define HAVE_SETGROUPS 1
| #define HAVE_SIGACTION 1
| #define HAVE_MKDIR 1
| #define HAVE_PUTGRENT 1
| #define HAVE_PUTPWENT 1
| #define HAVE_PUTSPENT 1
| #define HAVE_RENAME 1
| #define HAVE_RMDIR 1
| #define HAVE_SGETSPENT 1
| #define HAVE_STRDUP 1
| #define HAVE_STRSTR 1
| /* end confdefs.h.  */
| #include <pwd.h>
| int
| main ()
| {
|  struct passwd pw;  pw.pw_comment = ""
|   ;
|   return 0;
| }
configure:5411: result: no
configure:5419: checking for pw_quota in struct passwd
configure:5435: gcc -c -O  conftest.c >&5
conftest.c: In function 'main':
conftest.c:81:23: error: 'struct passwd' has no member named 'pw_quota'
configure:5435: $? = 1
configure: failed program was:
| /* confdefs.h */
| #define PACKAGE_NAME ""
| #define PACKAGE_TARNAME ""
| #define PACKAGE_VERSION ""
| #define PACKAGE_STRING ""
| #define PACKAGE_BUGREPORT ""
| #define PACKAGE_URL ""
| #define PACKAGE "shadow"
| #define VERSION "001101"
| #define HAVE_DIRENT_H 1
| #define STDC_HEADERS 1
| #define HAVE_SYS_WAIT_H 1
| #define HAVE_SYS_TYPES_H 1
| #define HAVE_SYS_STAT_H 1
| #define HAVE_STDLIB_H 1
| #define HAVE_STRING_H 1
| #define HAVE_MEMORY_H 1
| #define HAVE_STRINGS_H 1
| #define HAVE_INTTYPES_H 1
| #define HAVE_STDINT_H 1
| #define HAVE_UNISTD_H 1
| #define HAVE_FCNTL_H 1
| #define HAVE_LIMITS_H 1
| #define HAVE_STDLIB_H 1
| #define HAVE_UNISTD_H 1
| #define HAVE_SYS_TIME_H 1
| #define HAVE_UTMP_H 1
| #define HAVE_UTMPX_H 1
| #define HAVE_TERMIOS_H 1
| #define HAVE_TERMIO_H 1
| #define HAVE_SGTTY_H 1
| #define HAVE_SYS_IOCTL_H 1
| #define HAVE_SYSLOG_H 1
| #define HAVE_PATHS_H 1
| #define HAVE_UTIME_H 1
| #define HAVE_ULIMIT_H 1
| #define HAVE_SYS_RESOURCE_H 1
| #define HAVE_GSHADOW_H 1
| #define HAVE_SHADOW_H 1
| #define HAVE_LASTLOG_H 1
| #define HAVE_SYS_SELECT_H 1
| #define UT_HOST 1
| #define UT_USER ut_user
| #define UTMP_LASTLOG 1
| #define HAVE_LL_HOST 1
| #define HAVE_STRUCT_STAT_ST_RDEV 1
| #define HAVE_ST_RDEV 1
| #define TIME_WITH_SYS_TIME 1
| #define GETGROUPS_T gid_t
| #define RETSIGTYPE void
| #define HAVE_UTIME_H 1
| #define HAVE_UTIME_NULL 1
| #define HAVE_STRFTIME 1
| #define HAVE_A64L 1
| #define HAVE_FCHMOD 1
| #define HAVE_FCHOWN 1
| #define HAVE_FSYNC 1
| #define HAVE_GETGROUPS 1
| #define HAVE_GETHOSTNAME 1
| #define HAVE_GETSPNAM 1
| #define HAVE_GETTIMEOFDAY 1
| #define HAVE_GETUSERSHELL 1
| #define HAVE_GETUTENT 1
| #define HAVE_INITGROUPS 1
| #define HAVE_SETGROUPS 1
| #define HAVE_SIGACTION 1
| #define HAVE_MKDIR 1
| #define HAVE_PUTGRENT 1
| #define HAVE_PUTPWENT 1
| #define HAVE_PUTSPENT 1
| #define HAVE_RENAME 1
| #define HAVE_RMDIR 1
| #define HAVE_SGETSPENT 1
| #define HAVE_STRDUP 1
| #define HAVE_STRSTR 1
| /* end confdefs.h.  */
| #include <pwd.h>
| int
| main ()
| {
|  struct passwd pw;  pw.pw_quota = ""
|   ;
|   return 0;
| }
configure:5442: result: no
configure:5451: checking for extra fields in struct spwd
configure:5467: gcc -c -O  conftest.c >&5
configure:5467: $? = 0
configure:5474: result: yes
configure:5482: checking for working shadow group support
configure:5502: gcc -o conftest -O   conftest.c  >&5
conftest.c: In function 'main':
conftest.c:82:20: warning: initialization makes pointer from integer without a cast [enabled by default]
conftest.c:84:19: error: dereferencing pointer to incomplete type
conftest.c:84:34: error: dereferencing pointer to incomplete type
configure:5502: $? = 1
configure: program exited with status 1
configure: failed program was:
| /* confdefs.h */
| #define PACKAGE_NAME ""
| #define PACKAGE_TARNAME ""
| #define PACKAGE_VERSION ""
| #define PACKAGE_STRING ""
| #define PACKAGE_BUGREPORT ""
| #define PACKAGE_URL ""
| #define PACKAGE "shadow"
| #define VERSION "001101"
| #define HAVE_DIRENT_H 1
| #define STDC_HEADERS 1
| #define HAVE_SYS_WAIT_H 1
| #define HAVE_SYS_TYPES_H 1
| #define HAVE_SYS_STAT_H 1
| #define HAVE_STDLIB_H 1
| #define HAVE_STRING_H 1
| #define HAVE_MEMORY_H 1
| #define HAVE_STRINGS_H 1
| #define HAVE_INTTYPES_H 1
| #define HAVE_STDINT_H 1
| #define HAVE_UNISTD_H 1
| #define HAVE_FCNTL_H 1
| #define HAVE_LIMITS_H 1
| #define HAVE_STDLIB_H 1
| #define HAVE_UNISTD_H 1
| #define HAVE_SYS_TIME_H 1
| #define HAVE_UTMP_H 1
| #define HAVE_UTMPX_H 1
| #define HAVE_TERMIOS_H 1
| #define HAVE_TERMIO_H 1
| #define HAVE_SGTTY_H 1
| #define HAVE_SYS_IOCTL_H 1
| #define HAVE_SYSLOG_H 1
| #define HAVE_PATHS_H 1
| #define HAVE_UTIME_H 1
| #define HAVE_ULIMIT_H 1
| #define HAVE_SYS_RESOURCE_H 1
| #define HAVE_GSHADOW_H 1
| #define HAVE_SHADOW_H 1
| #define HAVE_LASTLOG_H 1
| #define HAVE_SYS_SELECT_H 1
| #define UT_HOST 1
| #define UT_USER ut_user
| #define UTMP_LASTLOG 1
| #define HAVE_LL_HOST 1
| #define HAVE_STRUCT_STAT_ST_RDEV 1
| #define HAVE_ST_RDEV 1
| #define TIME_WITH_SYS_TIME 1
| #define GETGROUPS_T gid_t
| #define RETSIGTYPE void
| #define HAVE_UTIME_H 1
| #define HAVE_UTIME_NULL 1
| #define HAVE_STRFTIME 1
| #define HAVE_A64L 1
| #define HAVE_FCHMOD 1
| #define HAVE_FCHOWN 1
| #define HAVE_FSYNC 1
| #define HAVE_GETGROUPS 1
| #define HAVE_GETHOSTNAME 1
| #define HAVE_GETSPNAM 1
| #define HAVE_GETTIMEOFDAY 1
| #define HAVE_GETUSERSHELL 1
| #define HAVE_GETUTENT 1
| #define HAVE_INITGROUPS 1
| #define HAVE_SETGROUPS 1
| #define HAVE_SIGACTION 1
| #define HAVE_MKDIR 1
| #define HAVE_PUTGRENT 1
| #define HAVE_PUTPWENT 1
| #define HAVE_PUTSPENT 1
| #define HAVE_RENAME 1
| #define HAVE_RMDIR 1
| #define HAVE_SGETSPENT 1
| #define HAVE_STRDUP 1
| #define HAVE_STRSTR 1
| #define SP_EXTRA 1
| /* end confdefs.h.  */
| 
| #include <shadow.h>
| main()
| {
| 	struct sgrp *sg = sgetsgent("test:x::");
| 	/* NYS libc on Red Hat 3.0.3 has broken shadow group support */
| 	return !sg || !sg->sg_adm || !sg->sg_mem;
| }
| 
configure:5512: result: no
configure:5521: checking location of shared mail directory
configure:5532: result: /var/spool/mail
configure:5538: checking location of user mail file
configure:5542: result: None
configure:5555: checking location of utmp
configure:5566: result: /var/run
configure:5572: checking location of wtmp
configure:5583: result: /var/log
configure:5589: checking location of faillog
configure:5600: result: /var/log
configure:5606: checking location of lastlog
configure:5617: result: /var/log
configure:5623: checking location of sulog
configure:5627: WARNING: sulog file not found
configure:5640: checking location of passwd/chfn/chsh programs
configure:5663: result: /usr/bin
configure:5687: checking for inet_network in -linet
configure:5712: gcc -o conftest -O   conftest.c -linet   >&5
/usr/bin/ld: cannot find -linet
collect2: ld returned 1 exit status
configure:5712: $? = 1
configure: failed program was:
| /* confdefs.h */
| #define PACKAGE_NAME ""
| #define PACKAGE_TARNAME ""
| #define PACKAGE_VERSION ""
| #define PACKAGE_STRING ""
| #define PACKAGE_BUGREPORT ""
| #define PACKAGE_URL ""
| #define PACKAGE "shadow"
| #define VERSION "001101"
| #define HAVE_DIRENT_H 1
| #define STDC_HEADERS 1
| #define HAVE_SYS_WAIT_H 1
| #define HAVE_SYS_TYPES_H 1
| #define HAVE_SYS_STAT_H 1
| #define HAVE_STDLIB_H 1
| #define HAVE_STRING_H 1
| #define HAVE_MEMORY_H 1
| #define HAVE_STRINGS_H 1
| #define HAVE_INTTYPES_H 1
| #define HAVE_STDINT_H 1
| #define HAVE_UNISTD_H 1
| #define HAVE_FCNTL_H 1
| #define HAVE_LIMITS_H 1
| #define HAVE_STDLIB_H 1
| #define HAVE_UNISTD_H 1
| #define HAVE_SYS_TIME_H 1
| #define HAVE_UTMP_H 1
| #define HAVE_UTMPX_H 1
| #define HAVE_TERMIOS_H 1
| #define HAVE_TERMIO_H 1
| #define HAVE_SGTTY_H 1
| #define HAVE_SYS_IOCTL_H 1
| #define HAVE_SYSLOG_H 1
| #define HAVE_PATHS_H 1
| #define HAVE_UTIME_H 1
| #define HAVE_ULIMIT_H 1
| #define HAVE_SYS_RESOURCE_H 1
| #define HAVE_GSHADOW_H 1
| #define HAVE_SHADOW_H 1
| #define HAVE_LASTLOG_H 1
| #define HAVE_SYS_SELECT_H 1
| #define UT_HOST 1
| #define UT_USER ut_user
| #define UTMP_LASTLOG 1
| #define HAVE_LL_HOST 1
| #define HAVE_STRUCT_STAT_ST_RDEV 1
| #define HAVE_ST_RDEV 1
| #define TIME_WITH_SYS_TIME 1
| #define GETGROUPS_T gid_t
| #define RETSIGTYPE void
| #define HAVE_UTIME_H 1
| #define HAVE_UTIME_NULL 1
| #define HAVE_STRFTIME 1
| #define HAVE_A64L 1
| #define HAVE_FCHMOD 1
| #define HAVE_FCHOWN 1
| #define HAVE_FSYNC 1
| #define HAVE_GETGROUPS 1
| #define HAVE_GETHOSTNAME 1
| #define HAVE_GETSPNAM 1
| #define HAVE_GETTIMEOFDAY 1
| #define HAVE_GETUSERSHELL 1
| #define HAVE_GETUTENT 1
| #define HAVE_INITGROUPS 1
| #define HAVE_SETGROUPS 1
| #define HAVE_SIGACTION 1
| #define HAVE_MKDIR 1
| #define HAVE_PUTGRENT 1
| #define HAVE_PUTPWENT 1
| #define HAVE_PUTSPENT 1
| #define HAVE_RENAME 1
| #define HAVE_RMDIR 1
| #define HAVE_SGETSPENT 1
| #define HAVE_STRDUP 1
| #define HAVE_STRSTR 1
| #define SP_EXTRA 1
| #define MAIL_SPOOL_DIR "/var/spool/mail"
| #define _UTMP_FILE "/var/run/utmp"
| #define _WTMP_FILE "/var/log/wtmp"
| #define FAILLOG_FILE "/var/log/faillog"
| #define LASTLOG_FILE "/var/log/lastlog"
| #define CHFN_PROGRAM "/usr/bin/chfn"
| #define CHSH_PROGRAM "/usr/bin/chsh"
| #define GPASSWD_PROGRAM "/usr/bin/gpasswd"
| #define PASSWD_PROGRAM "/usr/bin/passwd"
| #define SHADOWPWD 1
| #define AGING 1
| #define USE_SYSLOG 1
| #define RLOGIN 1
| #define RUSEROK 0
| #define LOGIN_ACCESS 1
| #define SU_ACCESS 1
| #define CONSOLE_GROUPS 1
| #define DEFAULT_CRACKLIB_DICTPATH "/lib:/usr/local/lib:/usr/lib:/usr/share/lib:/usr/local/share/lib"
| /* end confdefs.h.  */
| 
| /* Override any GCC internal prototype to avoid an error.
|    Use char because int might match the return type of a GCC
|    builtin and then its argument prototype would still apply.  */
| #ifdef __cplusplus
| extern "C"
| #endif
| char inet_network ();
| int
| main ()
| {
| return inet_network ();
|   ;
|   return 0;
| }
configure:5721: result: no
configure:5732: checking for socket in -lsocket
configure:5757: gcc -o conftest -O   conftest.c -lsocket   >&5
/usr/bin/ld: cannot find -lsocket
collect2: ld returned 1 exit status
configure:5757: $? = 1
configure: failed program was:
| /* confdefs.h */
| #define PACKAGE_NAME ""
| #define PACKAGE_TARNAME ""
| #define PACKAGE_VERSION ""
| #define PACKAGE_STRING ""
| #define PACKAGE_BUGREPORT ""
| #define PACKAGE_URL ""
| #define PACKAGE "shadow"
| #define VERSION "001101"
| #define HAVE_DIRENT_H 1
| #define STDC_HEADERS 1
| #define HAVE_SYS_WAIT_H 1
| #define HAVE_SYS_TYPES_H 1
| #define HAVE_SYS_STAT_H 1
| #define HAVE_STDLIB_H 1
| #define HAVE_STRING_H 1
| #define HAVE_MEMORY_H 1
| #define HAVE_STRINGS_H 1
| #define HAVE_INTTYPES_H 1
| #define HAVE_STDINT_H 1
| #define HAVE_UNISTD_H 1
| #define HAVE_FCNTL_H 1
| #define HAVE_LIMITS_H 1
| #define HAVE_STDLIB_H 1
| #define HAVE_UNISTD_H 1
| #define HAVE_SYS_TIME_H 1
| #define HAVE_UTMP_H 1
| #define HAVE_UTMPX_H 1
| #define HAVE_TERMIOS_H 1
| #define HAVE_TERMIO_H 1
| #define HAVE_SGTTY_H 1
| #define HAVE_SYS_IOCTL_H 1
| #define HAVE_SYSLOG_H 1
| #define HAVE_PATHS_H 1
| #define HAVE_UTIME_H 1
| #define HAVE_ULIMIT_H 1
| #define HAVE_SYS_RESOURCE_H 1
| #define HAVE_GSHADOW_H 1
| #define HAVE_SHADOW_H 1
| #define HAVE_LASTLOG_H 1
| #define HAVE_SYS_SELECT_H 1
| #define UT_HOST 1
| #define UT_USER ut_user
| #define UTMP_LASTLOG 1
| #define HAVE_LL_HOST 1
| #define HAVE_STRUCT_STAT_ST_RDEV 1
| #define HAVE_ST_RDEV 1
| #define TIME_WITH_SYS_TIME 1
| #define GETGROUPS_T gid_t
| #define RETSIGTYPE void
| #define HAVE_UTIME_H 1
| #define HAVE_UTIME_NULL 1
| #define HAVE_STRFTIME 1
| #define HAVE_A64L 1
| #define HAVE_FCHMOD 1
| #define HAVE_FCHOWN 1
| #define HAVE_FSYNC 1
| #define HAVE_GETGROUPS 1
| #define HAVE_GETHOSTNAME 1
| #define HAVE_GETSPNAM 1
| #define HAVE_GETTIMEOFDAY 1
| #define HAVE_GETUSERSHELL 1
| #define HAVE_GETUTENT 1
| #define HAVE_INITGROUPS 1
| #define HAVE_SETGROUPS 1
| #define HAVE_SIGACTION 1
| #define HAVE_MKDIR 1
| #define HAVE_PUTGRENT 1
| #define HAVE_PUTPWENT 1
| #define HAVE_PUTSPENT 1
| #define HAVE_RENAME 1
| #define HAVE_RMDIR 1
| #define HAVE_SGETSPENT 1
| #define HAVE_STRDUP 1
| #define HAVE_STRSTR 1
| #define SP_EXTRA 1
| #define MAIL_SPOOL_DIR "/var/spool/mail"
| #define _UTMP_FILE "/var/run/utmp"
| #define _WTMP_FILE "/var/log/wtmp"
| #define FAILLOG_FILE "/var/log/faillog"
| #define LASTLOG_FILE "/var/log/lastlog"
| #define CHFN_PROGRAM "/usr/bin/chfn"
| #define CHSH_PROGRAM "/usr/bin/chsh"
| #define GPASSWD_PROGRAM "/usr/bin/gpasswd"
| #define PASSWD_PROGRAM "/usr/bin/passwd"
| #define SHADOWPWD 1
| #define AGING 1
| #define USE_SYSLOG 1
| #define RLOGIN 1
| #define RUSEROK 0
| #define LOGIN_ACCESS 1
| #define SU_ACCESS 1
| #define CONSOLE_GROUPS 1
| #define DEFAULT_CRACKLIB_DICTPATH "/lib:/usr/local/lib:/usr/lib:/usr/share/lib:/usr/local/share/lib"
| /* end confdefs.h.  */
| 
| /* Override any GCC internal prototype to avoid an error.
|    Use char because int might match the return type of a GCC
|    builtin and then its argument prototype would still apply.  */
| #ifdef __cplusplus
| extern "C"
| #endif
| char socket ();
| int
| main ()
| {
| return socket ();
|   ;
|   return 0;
| }
configure:5766: result: no
configure:5777: checking for gethostbyname in -lnsl
configure:5802: gcc -o conftest -O   conftest.c -lnsl   >&5
configure:5802: $? = 0
configure:5811: result: yes
configure:5822: checking for dlopen in -ldl
configure:5847: gcc -o conftest -O   conftest.c -ldl  -lnsl  >&5
configure:5847: $? = 0
configure:5856: result: yes
configure:5973: checking for crypt in -lcrypt
configure:5998: gcc -o conftest -O   conftest.c -lcrypt  -lnsl  >&5
configure:5998: $? = 0
configure:6007: result: yes
configure:6022: checking for FascistCheck in -lcrack
configure:6047: gcc -o conftest -O   conftest.c -lcrack  -lnsl  >&5
/usr/bin/ld: cannot find -lcrack
collect2: ld returned 1 exit status
configure:6047: $? = 1
configure: failed program was:
| /* confdefs.h */
| #define PACKAGE_NAME ""
| #define PACKAGE_TARNAME ""
| #define PACKAGE_VERSION ""
| #define PACKAGE_STRING ""
| #define PACKAGE_BUGREPORT ""
| #define PACKAGE_URL ""
| #define PACKAGE "shadow"
| #define VERSION "001101"
| #define HAVE_DIRENT_H 1
| #define STDC_HEADERS 1
| #define HAVE_SYS_WAIT_H 1
| #define HAVE_SYS_TYPES_H 1
| #define HAVE_SYS_STAT_H 1
| #define HAVE_STDLIB_H 1
| #define HAVE_STRING_H 1
| #define HAVE_MEMORY_H 1
| #define HAVE_STRINGS_H 1
| #define HAVE_INTTYPES_H 1
| #define HAVE_STDINT_H 1
| #define HAVE_UNISTD_H 1
| #define HAVE_FCNTL_H 1
| #define HAVE_LIMITS_H 1
| #define HAVE_STDLIB_H 1
| #define HAVE_UNISTD_H 1
| #define HAVE_SYS_TIME_H 1
| #define HAVE_UTMP_H 1
| #define HAVE_UTMPX_H 1
| #define HAVE_TERMIOS_H 1
| #define HAVE_TERMIO_H 1
| #define HAVE_SGTTY_H 1
| #define HAVE_SYS_IOCTL_H 1
| #define HAVE_SYSLOG_H 1
| #define HAVE_PATHS_H 1
| #define HAVE_UTIME_H 1
| #define HAVE_ULIMIT_H 1
| #define HAVE_SYS_RESOURCE_H 1
| #define HAVE_GSHADOW_H 1
| #define HAVE_SHADOW_H 1
| #define HAVE_LASTLOG_H 1
| #define HAVE_SYS_SELECT_H 1
| #define UT_HOST 1
| #define UT_USER ut_user
| #define UTMP_LASTLOG 1
| #define HAVE_LL_HOST 1
| #define HAVE_STRUCT_STAT_ST_RDEV 1
| #define HAVE_ST_RDEV 1
| #define TIME_WITH_SYS_TIME 1
| #define GETGROUPS_T gid_t
| #define RETSIGTYPE void
| #define HAVE_UTIME_H 1
| #define HAVE_UTIME_NULL 1
| #define HAVE_STRFTIME 1
| #define HAVE_A64L 1
| #define HAVE_FCHMOD 1
| #define HAVE_FCHOWN 1
| #define HAVE_FSYNC 1
| #define HAVE_GETGROUPS 1
| #define HAVE_GETHOSTNAME 1
| #define HAVE_GETSPNAM 1
| #define HAVE_GETTIMEOFDAY 1
| #define HAVE_GETUSERSHELL 1
| #define HAVE_GETUTENT 1
| #define HAVE_INITGROUPS 1
| #define HAVE_SETGROUPS 1
| #define HAVE_SIGACTION 1
| #define HAVE_MKDIR 1
| #define HAVE_PUTGRENT 1
| #define HAVE_PUTPWENT 1
| #define HAVE_PUTSPENT 1
| #define HAVE_RENAME 1
| #define HAVE_RMDIR 1
| #define HAVE_SGETSPENT 1
| #define HAVE_STRDUP 1
| #define HAVE_STRSTR 1
| #define SP_EXTRA 1
| #define MAIL_SPOOL_DIR "/var/spool/mail"
| #define _UTMP_FILE "/var/run/utmp"
| #define _WTMP_FILE "/var/log/wtmp"
| #define FAILLOG_FILE "/var/log/faillog"
| #define LASTLOG_FILE "/var/log/lastlog"
| #define CHFN_PROGRAM "/usr/bin/chfn"
| #define CHSH_PROGRAM "/usr/bin/chsh"
| #define GPASSWD_PROGRAM "/usr/bin/gpasswd"
| #define PASSWD_PROGRAM "/usr/bin/passwd"
| #define SHADOWPWD 1
| #define AGING 1
| #define USE_SYSLOG 1
| #define RLOGIN 1
| #define RUSEROK 0
| #define LOGIN_ACCESS 1
| #define SU_ACCESS 1
| #define CONSOLE_GROUPS 1
| #define DEFAULT_CRACKLIB_DICTPATH "/lib:/usr/local/lib:/usr/lib:/usr/share/lib:/usr/local/share/lib"
| #define HAVE_LIBNSL 1
| #define HAVE_LIBCRYPT 1
| /* end confdefs.h.  */
| 
| /* Override any GCC internal prototype to avoid an error.
|    Use char because int might match the return type of a GCC
|    builtin and then its argument prototype would still apply.  */
| #ifdef __cplusplus
| extern "C"
| #endif
| char FascistCheck ();
| int
| main ()
| {
| return FascistCheck ();
|   ;
|   return 0;
| }
configure:6056: result: no
configure:6063: checking for FascistHistory in -lcrack
configure:6088: gcc -o conftest -O   conftest.c -lcrack  -lnsl  >&5
/usr/bin/ld: cannot find -lcrack
collect2: ld returned 1 exit status
configure:6088: $? = 1
configure: failed program was:
| /* confdefs.h */
| #define PACKAGE_NAME ""
| #define PACKAGE_TARNAME ""
| #define PACKAGE_VERSION ""
| #define PACKAGE_STRING ""
| #define PACKAGE_BUGREPORT ""
| #define PACKAGE_URL ""
| #define PACKAGE "shadow"
| #define VERSION "001101"
| #define HAVE_DIRENT_H 1
| #define STDC_HEADERS 1
| #define HAVE_SYS_WAIT_H 1
| #define HAVE_SYS_TYPES_H 1
| #define HAVE_SYS_STAT_H 1
| #define HAVE_STDLIB_H 1
| #define HAVE_STRING_H 1
| #define HAVE_MEMORY_H 1
| #define HAVE_STRINGS_H 1
| #define HAVE_INTTYPES_H 1
| #define HAVE_STDINT_H 1
| #define HAVE_UNISTD_H 1
| #define HAVE_FCNTL_H 1
| #define HAVE_LIMITS_H 1
| #define HAVE_STDLIB_H 1
| #define HAVE_UNISTD_H 1
| #define HAVE_SYS_TIME_H 1
| #define HAVE_UTMP_H 1
| #define HAVE_UTMPX_H 1
| #define HAVE_TERMIOS_H 1
| #define HAVE_TERMIO_H 1
| #define HAVE_SGTTY_H 1
| #define HAVE_SYS_IOCTL_H 1
| #define HAVE_SYSLOG_H 1
| #define HAVE_PATHS_H 1
| #define HAVE_UTIME_H 1
| #define HAVE_ULIMIT_H 1
| #define HAVE_SYS_RESOURCE_H 1
| #define HAVE_GSHADOW_H 1
| #define HAVE_SHADOW_H 1
| #define HAVE_LASTLOG_H 1
| #define HAVE_SYS_SELECT_H 1
| #define UT_HOST 1
| #define UT_USER ut_user
| #define UTMP_LASTLOG 1
| #define HAVE_LL_HOST 1
| #define HAVE_STRUCT_STAT_ST_RDEV 1
| #define HAVE_ST_RDEV 1
| #define TIME_WITH_SYS_TIME 1
| #define GETGROUPS_T gid_t
| #define RETSIGTYPE void
| #define HAVE_UTIME_H 1
| #define HAVE_UTIME_NULL 1
| #define HAVE_STRFTIME 1
| #define HAVE_A64L 1
| #define HAVE_FCHMOD 1
| #define HAVE_FCHOWN 1
| #define HAVE_FSYNC 1
| #define HAVE_GETGROUPS 1
| #define HAVE_GETHOSTNAME 1
| #define HAVE_GETSPNAM 1
| #define HAVE_GETTIMEOFDAY 1
| #define HAVE_GETUSERSHELL 1
| #define HAVE_GETUTENT 1
| #define HAVE_INITGROUPS 1
| #define HAVE_SETGROUPS 1
| #define HAVE_SIGACTION 1
| #define HAVE_MKDIR 1
| #define HAVE_PUTGRENT 1
| #define HAVE_PUTPWENT 1
| #define HAVE_PUTSPENT 1
| #define HAVE_RENAME 1
| #define HAVE_RMDIR 1
| #define HAVE_SGETSPENT 1
| #define HAVE_STRDUP 1
| #define HAVE_STRSTR 1
| #define SP_EXTRA 1
| #define MAIL_SPOOL_DIR "/var/spool/mail"
| #define _UTMP_FILE "/var/run/utmp"
| #define _WTMP_FILE "/var/log/wtmp"
| #define FAILLOG_FILE "/var/log/faillog"
| #define LASTLOG_FILE "/var/log/lastlog"
| #define CHFN_PROGRAM "/usr/bin/chfn"
| #define CHSH_PROGRAM "/usr/bin/chsh"
| #define GPASSWD_PROGRAM "/usr/bin/gpasswd"
| #define PASSWD_PROGRAM "/usr/bin/passwd"
| #define SHADOWPWD 1
| #define AGING 1
| #define USE_SYSLOG 1
| #define RLOGIN 1
| #define RUSEROK 0
| #define LOGIN_ACCESS 1
| #define SU_ACCESS 1
| #define CONSOLE_GROUPS 1
| #define DEFAULT_CRACKLIB_DICTPATH "/lib:/usr/local/lib:/usr/lib:/usr/share/lib:/usr/local/share/lib"
| #define HAVE_LIBNSL 1
| #define HAVE_LIBCRYPT 1
| /* end confdefs.h.  */
| 
| /* Override any GCC internal prototype to avoid an error.
|    Use char because int might match the return type of a GCC
|    builtin and then its argument prototype would still apply.  */
| #ifdef __cplusplus
| extern "C"
| #endif
| char FascistHistory ();
| int
| main ()
| {
| return FascistHistory ();
|   ;
|   return 0;
| }
configure:6097: result: no
configure:6104: checking for FascistHistoryPw in -lcrack
configure:6129: gcc -o conftest -O   conftest.c -lcrack  -lnsl  >&5
/usr/bin/ld: cannot find -lcrack
collect2: ld returned 1 exit status
configure:6129: $? = 1
configure: failed program was:
| /* confdefs.h */
| #define PACKAGE_NAME ""
| #define PACKAGE_TARNAME ""
| #define PACKAGE_VERSION ""
| #define PACKAGE_STRING ""
| #define PACKAGE_BUGREPORT ""
| #define PACKAGE_URL ""
| #define PACKAGE "shadow"
| #define VERSION "001101"
| #define HAVE_DIRENT_H 1
| #define STDC_HEADERS 1
| #define HAVE_SYS_WAIT_H 1
| #define HAVE_SYS_TYPES_H 1
| #define HAVE_SYS_STAT_H 1
| #define HAVE_STDLIB_H 1
| #define HAVE_STRING_H 1
| #define HAVE_MEMORY_H 1
| #define HAVE_STRINGS_H 1
| #define HAVE_INTTYPES_H 1
| #define HAVE_STDINT_H 1
| #define HAVE_UNISTD_H 1
| #define HAVE_FCNTL_H 1
| #define HAVE_LIMITS_H 1
| #define HAVE_STDLIB_H 1
| #define HAVE_UNISTD_H 1
| #define HAVE_SYS_TIME_H 1
| #define HAVE_UTMP_H 1
| #define HAVE_UTMPX_H 1
| #define HAVE_TERMIOS_H 1
| #define HAVE_TERMIO_H 1
| #define HAVE_SGTTY_H 1
| #define HAVE_SYS_IOCTL_H 1
| #define HAVE_SYSLOG_H 1
| #define HAVE_PATHS_H 1
| #define HAVE_UTIME_H 1
| #define HAVE_ULIMIT_H 1
| #define HAVE_SYS_RESOURCE_H 1
| #define HAVE_GSHADOW_H 1
| #define HAVE_SHADOW_H 1
| #define HAVE_LASTLOG_H 1
| #define HAVE_SYS_SELECT_H 1
| #define UT_HOST 1
| #define UT_USER ut_user
| #define UTMP_LASTLOG 1
| #define HAVE_LL_HOST 1
| #define HAVE_STRUCT_STAT_ST_RDEV 1
| #define HAVE_ST_RDEV 1
| #define TIME_WITH_SYS_TIME 1
| #define GETGROUPS_T gid_t
| #define RETSIGTYPE void
| #define HAVE_UTIME_H 1
| #define HAVE_UTIME_NULL 1
| #define HAVE_STRFTIME 1
| #define HAVE_A64L 1
| #define HAVE_FCHMOD 1
| #define HAVE_FCHOWN 1
| #define HAVE_FSYNC 1
| #define HAVE_GETGROUPS 1
| #define HAVE_GETHOSTNAME 1
| #define HAVE_GETSPNAM 1
| #define HAVE_GETTIMEOFDAY 1
| #define HAVE_GETUSERSHELL 1
| #define HAVE_GETUTENT 1
| #define HAVE_INITGROUPS 1
| #define HAVE_SETGROUPS 1
| #define HAVE_SIGACTION 1
| #define HAVE_MKDIR 1
| #define HAVE_PUTGRENT 1
| #define HAVE_PUTPWENT 1
| #define HAVE_PUTSPENT 1
| #define HAVE_RENAME 1
| #define HAVE_RMDIR 1
| #define HAVE_SGETSPENT 1
| #define HAVE_STRDUP 1
| #define HAVE_STRSTR 1
| #define SP_EXTRA 1
| #define MAIL_SPOOL_DIR "/var/spool/mail"
| #define _UTMP_FILE "/var/run/utmp"
| #define _WTMP_FILE "/var/log/wtmp"
| #define FAILLOG_FILE "/var/log/faillog"
| #define LASTLOG_FILE "/var/log/lastlog"
| #define CHFN_PROGRAM "/usr/bin/chfn"
| #define CHSH_PROGRAM "/usr/bin/chsh"
| #define GPASSWD_PROGRAM "/usr/bin/gpasswd"
| #define PASSWD_PROGRAM "/usr/bin/passwd"
| #define SHADOWPWD 1
| #define AGING 1
| #define USE_SYSLOG 1
| #define RLOGIN 1
| #define RUSEROK 0
| #define LOGIN_ACCESS 1
| #define SU_ACCESS 1
| #define CONSOLE_GROUPS 1
| #define DEFAULT_CRACKLIB_DICTPATH "/lib:/usr/local/lib:/usr/lib:/usr/share/lib:/usr/local/share/lib"
| #define HAVE_LIBNSL 1
| #define HAVE_LIBCRYPT 1
| /* end confdefs.h.  */
| 
| /* Override any GCC internal prototype to avoid an error.
|    Use char because int might match the return type of a GCC
|    builtin and then its argument prototype would still apply.  */
| #ifdef __cplusplus
| extern "C"
| #endif
| char FascistHistoryPw ();
| int
| main ()
| {
| return FascistHistoryPw ();
|   ;
|   return 0;
| }
configure:6138: result: no
configure:6147: checking location of cracklib dictionary files
configure:6151: WARNING: cracklib dictionary files not found
configure:6324: checking security/pam_modules.h usability
configure:6324: gcc -c -O  conftest.c >&5
conftest.c:132:34: fatal error: security/pam_modules.h: No such file or directory
compilation terminated.
configure:6324: $? = 1
configure: failed program was:
| /* confdefs.h */
| #define PACKAGE_NAME ""
| #define PACKAGE_TARNAME ""
| #define PACKAGE_VERSION ""
| #define PACKAGE_STRING ""
| #define PACKAGE_BUGREPORT ""
| #define PACKAGE_URL ""
| #define PACKAGE "shadow"
| #define VERSION "001101"
| #define HAVE_DIRENT_H 1
| #define STDC_HEADERS 1
| #define HAVE_SYS_WAIT_H 1
| #define HAVE_SYS_TYPES_H 1
| #define HAVE_SYS_STAT_H 1
| #define HAVE_STDLIB_H 1
| #define HAVE_STRING_H 1
| #define HAVE_MEMORY_H 1
| #define HAVE_STRINGS_H 1
| #define HAVE_INTTYPES_H 1
| #define HAVE_STDINT_H 1
| #define HAVE_UNISTD_H 1
| #define HAVE_FCNTL_H 1
| #define HAVE_LIMITS_H 1
| #define HAVE_STDLIB_H 1
| #define HAVE_UNISTD_H 1
| #define HAVE_SYS_TIME_H 1
| #define HAVE_UTMP_H 1
| #define HAVE_UTMPX_H 1
| #define HAVE_TERMIOS_H 1
| #define HAVE_TERMIO_H 1
| #define HAVE_SGTTY_H 1
| #define HAVE_SYS_IOCTL_H 1
| #define HAVE_SYSLOG_H 1
| #define HAVE_PATHS_H 1
| #define HAVE_UTIME_H 1
| #define HAVE_ULIMIT_H 1
| #define HAVE_SYS_RESOURCE_H 1
| #define HAVE_GSHADOW_H 1
| #define HAVE_SHADOW_H 1
| #define HAVE_LASTLOG_H 1
| #define HAVE_SYS_SELECT_H 1
| #define UT_HOST 1
| #define UT_USER ut_user
| #define UTMP_LASTLOG 1
| #define HAVE_LL_HOST 1
| #define HAVE_STRUCT_STAT_ST_RDEV 1
| #define HAVE_ST_RDEV 1
| #define TIME_WITH_SYS_TIME 1
| #define GETGROUPS_T gid_t
| #define RETSIGTYPE void
| #define HAVE_UTIME_H 1
| #define HAVE_UTIME_NULL 1
| #define HAVE_STRFTIME 1
| #define HAVE_A64L 1
| #define HAVE_FCHMOD 1
| #define HAVE_FCHOWN 1
| #define HAVE_FSYNC 1
| #define HAVE_GETGROUPS 1
| #define HAVE_GETHOSTNAME 1
| #define HAVE_GETSPNAM 1
| #define HAVE_GETTIMEOFDAY 1
| #define HAVE_GETUSERSHELL 1
| #define HAVE_GETUTENT 1
| #define HAVE_INITGROUPS 1
| #define HAVE_SETGROUPS 1
| #define HAVE_SIGACTION 1
| #define HAVE_MKDIR 1
| #define HAVE_PUTGRENT 1
| #define HAVE_PUTPWENT 1
| #define HAVE_PUTSPENT 1
| #define HAVE_RENAME 1
| #define HAVE_RMDIR 1
| #define HAVE_SGETSPENT 1
| #define HAVE_STRDUP 1
| #define HAVE_STRSTR 1
| #define SP_EXTRA 1
| #define MAIL_SPOOL_DIR "/var/spool/mail"
| #define _UTMP_FILE "/var/run/utmp"
| #define _WTMP_FILE "/var/log/wtmp"
| #define FAILLOG_FILE "/var/log/faillog"
| #define LASTLOG_FILE "/var/log/lastlog"
| #define CHFN_PROGRAM "/usr/bin/chfn"
| #define CHSH_PROGRAM "/usr/bin/chsh"
| #define GPASSWD_PROGRAM "/usr/bin/gpasswd"
| #define PASSWD_PROGRAM "/usr/bin/passwd"
| #define SHADOWPWD 1
| #define AGING 1
| #define USE_SYSLOG 1
| #define RLOGIN 1
| #define RUSEROK 0
| #define LOGIN_ACCESS 1
| #define SU_ACCESS 1
| #define CONSOLE_GROUPS 1
| #define DEFAULT_CRACKLIB_DICTPATH "/lib:/usr/local/lib:/usr/lib:/usr/share/lib:/usr/local/share/lib"
| #define HAVE_LIBNSL 1
| #define HAVE_LIBCRYPT 1
| #define MD5_CRYPT 1
| /* end confdefs.h.  */
| #include <stdio.h>
| #ifdef HAVE_SYS_TYPES_H
| # include <sys/types.h>
| #endif
| #ifdef HAVE_SYS_STAT_H
| # include <sys/stat.h>
| #endif
| #ifdef STDC_HEADERS
| # include <stdlib.h>
| # include <stddef.h>
| #else
| # ifdef HAVE_STDLIB_H
| #  include <stdlib.h>
| # endif
| #endif
| #ifdef HAVE_STRING_H
| # if !defined STDC_HEADERS && defined HAVE_MEMORY_H
| #  include <memory.h>
| # endif
| # include <string.h>
| #endif
| #ifdef HAVE_STRINGS_H
| # include <strings.h>
| #endif
| #ifdef HAVE_INTTYPES_H
| # include <inttypes.h>
| #endif
| #ifdef HAVE_STDINT_H
| # include <stdint.h>
| #endif
| #ifdef HAVE_UNISTD_H
| # include <unistd.h>
| #endif
| #include <security/pam_modules.h>
configure:6324: result: no
configure:6324: checking security/pam_modules.h presence
configure:6324: gcc -E  conftest.c
conftest.c:99:34: fatal error: security/pam_modules.h: No such file or directory
compilation terminated.
configure:6324: $? = 1
configure: failed program was:
| /* confdefs.h */
| #define PACKAGE_NAME ""
| #define PACKAGE_TARNAME ""
| #define PACKAGE_VERSION ""
| #define PACKAGE_STRING ""
| #define PACKAGE_BUGREPORT ""
| #define PACKAGE_URL ""
| #define PACKAGE "shadow"
| #define VERSION "001101"
| #define HAVE_DIRENT_H 1
| #define STDC_HEADERS 1
| #define HAVE_SYS_WAIT_H 1
| #define HAVE_SYS_TYPES_H 1
| #define HAVE_SYS_STAT_H 1
| #define HAVE_STDLIB_H 1
| #define HAVE_STRING_H 1
| #define HAVE_MEMORY_H 1
| #define HAVE_STRINGS_H 1
| #define HAVE_INTTYPES_H 1
| #define HAVE_STDINT_H 1
| #define HAVE_UNISTD_H 1
| #define HAVE_FCNTL_H 1
| #define HAVE_LIMITS_H 1
| #define HAVE_STDLIB_H 1
| #define HAVE_UNISTD_H 1
| #define HAVE_SYS_TIME_H 1
| #define HAVE_UTMP_H 1
| #define HAVE_UTMPX_H 1
| #define HAVE_TERMIOS_H 1
| #define HAVE_TERMIO_H 1
| #define HAVE_SGTTY_H 1
| #define HAVE_SYS_IOCTL_H 1
| #define HAVE_SYSLOG_H 1
| #define HAVE_PATHS_H 1
| #define HAVE_UTIME_H 1
| #define HAVE_ULIMIT_H 1
| #define HAVE_SYS_RESOURCE_H 1
| #define HAVE_GSHADOW_H 1
| #define HAVE_SHADOW_H 1
| #define HAVE_LASTLOG_H 1
| #define HAVE_SYS_SELECT_H 1
| #define UT_HOST 1
| #define UT_USER ut_user
| #define UTMP_LASTLOG 1
| #define HAVE_LL_HOST 1
| #define HAVE_STRUCT_STAT_ST_RDEV 1
| #define HAVE_ST_RDEV 1
| #define TIME_WITH_SYS_TIME 1
| #define GETGROUPS_T gid_t
| #define RETSIGTYPE void
| #define HAVE_UTIME_H 1
| #define HAVE_UTIME_NULL 1
| #define HAVE_STRFTIME 1
| #define HAVE_A64L 1
| #define HAVE_FCHMOD 1
| #define HAVE_FCHOWN 1
| #define HAVE_FSYNC 1
| #define HAVE_GETGROUPS 1
| #define HAVE_GETHOSTNAME 1
| #define HAVE_GETSPNAM 1
| #define HAVE_GETTIMEOFDAY 1
| #define HAVE_GETUSERSHELL 1
| #define HAVE_GETUTENT 1
| #define HAVE_INITGROUPS 1
| #define HAVE_SETGROUPS 1
| #define HAVE_SIGACTION 1
| #define HAVE_MKDIR 1
| #define HAVE_PUTGRENT 1
| #define HAVE_PUTPWENT 1
| #define HAVE_PUTSPENT 1
| #define HAVE_RENAME 1
| #define HAVE_RMDIR 1
| #define HAVE_SGETSPENT 1
| #define HAVE_STRDUP 1
| #define HAVE_STRSTR 1
| #define SP_EXTRA 1
| #define MAIL_SPOOL_DIR "/var/spool/mail"
| #define _UTMP_FILE "/var/run/utmp"
| #define _WTMP_FILE "/var/log/wtmp"
| #define FAILLOG_FILE "/var/log/faillog"
| #define LASTLOG_FILE "/var/log/lastlog"
| #define CHFN_PROGRAM "/usr/bin/chfn"
| #define CHSH_PROGRAM "/usr/bin/chsh"
| #define GPASSWD_PROGRAM "/usr/bin/gpasswd"
| #define PASSWD_PROGRAM "/usr/bin/passwd"
| #define SHADOWPWD 1
| #define AGING 1
| #define USE_SYSLOG 1
| #define RLOGIN 1
| #define RUSEROK 0
| #define LOGIN_ACCESS 1
| #define SU_ACCESS 1
| #define CONSOLE_GROUPS 1
| #define DEFAULT_CRACKLIB_DICTPATH "/lib:/usr/local/lib:/usr/lib:/usr/share/lib:/usr/local/share/lib"
| #define HAVE_LIBNSL 1
| #define HAVE_LIBCRYPT 1
| #define MD5_CRYPT 1
| /* end confdefs.h.  */
| #include <security/pam_modules.h>
configure:6324: result: no
configure:6324: checking for security/pam_modules.h
configure:6324: result: no
configure:6547: creating ./config.status

## ---------------- ##
## Cache variables. ##
## ---------------- ##

ac_cv_c_compiler_gnu=yes
ac_cv_c_const=yes
ac_cv_env_CC_set=
ac_cv_env_CC_value=
ac_cv_env_CFLAGS_set=
ac_cv_env_CFLAGS_value=
ac_cv_env_CPPFLAGS_set=
ac_cv_env_CPPFLAGS_value=
ac_cv_env_CPP_set=
ac_cv_env_CPP_value=
ac_cv_env_LDFLAGS_set=
ac_cv_env_LDFLAGS_value=
ac_cv_env_LIBS_set=
ac_cv_env_LIBS_value=
ac_cv_env_build_alias_set=
ac_cv_env_build_alias_value=
ac_cv_env_host_alias_set=
ac_cv_env_host_alias_value=
ac_cv_env_target_alias_set=
ac_cv_env_target_alias_value=
ac_cv_func_a64l=yes
ac_cv_func_fchmod=yes
ac_cv_func_fchown=yes
ac_cv_func_fsync=yes
ac_cv_func_getgroups=yes
ac_cv_func_gethostname=yes
ac_cv_func_getspnam=yes
ac_cv_func_gettimeofday=yes
ac_cv_func_getusershell=yes
ac_cv_func_getutent=yes
ac_cv_func_initgroups=yes
ac_cv_func_mkdir=yes
ac_cv_func_putgrent=yes
ac_cv_func_putpwent=yes
ac_cv_func_putspent=yes
ac_cv_func_rename=yes
ac_cv_func_rmdir=yes
ac_cv_func_setgroups=yes
ac_cv_func_sgetgrent=no
ac_cv_func_sgetpwent=no
ac_cv_func_sgetspent=yes
ac_cv_func_sigaction=yes
ac_cv_func_strdup=yes
ac_cv_func_strftime=yes
ac_cv_func_strstr=yes
ac_cv_func_utime_null=yes
ac_cv_header_dirent_dirent_h=yes
ac_cv_header_fcntl_h=yes
ac_cv_header_gshadow_h=yes
ac_cv_header_inttypes_h=yes
ac_cv_header_lastlog_h=yes
ac_cv_header_limits_h=yes
ac_cv_header_memory_h=yes
ac_cv_header_paths_h=yes
ac_cv_header_security_pam_modules_h=no
ac_cv_header_sgtty_h=yes
ac_cv_header_shadow_h=yes
ac_cv_header_stdc=yes
ac_cv_header_stdint_h=yes
ac_cv_header_stdlib_h=yes
ac_cv_header_string_h=yes
ac_cv_header_strings_h=yes
ac_cv_header_sys_ioctl_h=yes
ac_cv_header_sys_label_h=no
ac_cv_header_sys_resource_h=yes
ac_cv_header_sys_select_h=yes
ac_cv_header_sys_stat_h=yes
ac_cv_header_sys_time_h=yes
ac_cv_header_sys_types_h=yes
ac_cv_header_sys_wait_h=yes
ac_cv_header_syslog_h=yes
ac_cv_header_termio_h=yes
ac_cv_header_termios_h=yes
ac_cv_header_time=yes
ac_cv_header_ulimit_h=yes
ac_cv_header_unistd_h=yes
ac_cv_header_usersec_h=no
ac_cv_header_utime_h=yes
ac_cv_header_utmp_h=yes
ac_cv_header_utmpx_h=yes
ac_cv_lib_crack_FascistCheck=no
ac_cv_lib_crack_FascistHistory=no
ac_cv_lib_crack_FascistHistoryPw=no
ac_cv_lib_crypt_crypt=yes
ac_cv_lib_dl_dlopen=yes
ac_cv_lib_inet_inet_network=no
ac_cv_lib_nsl_gethostbyname=yes
ac_cv_lib_socket_socket=no
ac_cv_libc_shadowgrp=no
ac_cv_member_struct_stat_st_rdev=yes
ac_cv_objext=o
ac_cv_path_EGREP='/bin/grep -E'
ac_cv_path_GREP=/bin/grep
ac_cv_path_install='/usr/bin/install -c'
ac_cv_path_mkdir=/bin/mkdir
ac_cv_prog_AWK=mawk
ac_cv_prog_CPP='gcc -E'
ac_cv_prog_ac_ct_CC=gcc
ac_cv_prog_ac_ct_RANLIB=ranlib
ac_cv_prog_cc_c89=
ac_cv_prog_cc_g=yes
ac_cv_prog_gcc_traditional=no
ac_cv_prog_make_make_set=yes
ac_cv_search_opendir='none required'
ac_cv_struct_passwd_pw_age=no
ac_cv_struct_passwd_pw_comment=no
ac_cv_struct_passwd_pw_quota=no
ac_cv_struct_shadow_sp_extra=yes
ac_cv_struct_tm=time.h
ac_cv_type_getgroups=gid_t
ac_cv_type_off_t=yes
ac_cv_type_pid_t=yes
ac_cv_type_signal=void
ac_cv_type_uid_t=yes
am_cv_CC_dependencies_compiler_type=gcc3

## ----------------- ##
## Output variables. ##
## ----------------- ##

ACLOCAL='aclocal-1.11'
AMDEPBACKSLASH='\'
AMDEP_FALSE='#'
AMDEP_TRUE=''
AMTAR='$${TAR-tar}'
AUTOCONF='autoconf'
AUTOHEADER='autoheader'
AUTOMAKE='automake-1.11'
AWK='mawk'
CC='gcc'
CCDEPMODE='depmode=gcc3'
CFLAGS='-O'
CPP='gcc -E'
CPPFLAGS=''
CRYPTOBJS='md5.o md5crypt.o'
CYGPATH_W='echo'
DEFS='-DHAVE_CONFIG_H'
DEPDIR='.deps'
ECHO_C=''
ECHO_N='-n'
ECHO_T=''
EGREP='/bin/grep -E'
EXEEXT=''
GREP='/bin/grep'
INSTALL_DATA='${INSTALL} -m 644'
INSTALL_PROGRAM='${INSTALL}'
INSTALL_SCRIPT='${INSTALL}'
INSTALL_STRIP_PROGRAM='$(install_sh) -c -s'
LDFLAGS=''
LIBCRACK=''
LIBCRYPT='-lcrypt'
LIBMATH='-lcrypto  -ldl'
LIBOBJS=' ${LIBOBJDIR}sgetgrent$U.o ${LIBOBJDIR}sgetpwent$U.o'
LIBPAM=''
LIBS='-lnsl '
LIBSKEY=''
LN_S='ln -s'
LTLIBOBJS=' ${LIBOBJDIR}sgetgrent$U.lo ${LIBOBJDIR}sgetpwent$U.lo'
MAKEINFO='makeinfo'
MKDIR_P='/bin/mkdir -p'
OBJEXT='o'
PACKAGE='shadow'
PACKAGE_BUGREPORT=''
PACKAGE_NAME=''
PACKAGE_STRING=''
PACKAGE_TARNAME=''
PACKAGE_URL=''
PACKAGE_VERSION=''
PAM_DIRS=''
PAM_TARGETS=''
PATH_SEPARATOR=':'
PICFLAG='-fPIC'
RANLIB='ranlib'
SET_MAKE=''
SHAREDFLAG='--shared'
SHELL='/bin/bash'
STRIP=''
VERSION='001101'
ac_ct_CC='gcc'
am__EXEEXT_FALSE=''
am__EXEEXT_TRUE='#'
am__fastdepCC_FALSE='#'
am__fastdepCC_TRUE=''
am__include='include'
am__isrc=''
am__leading_dot='.'
am__nodep='_no'
am__quote=''
am__tar='$${TAR-tar} chof - "$$tardir"'
am__untar='$${TAR-tar} xf -'
bindir='${exec_prefix}/bin'
build_alias=''
datadir='${datarootdir}'
datarootdir='${prefix}/share'
docdir='${datarootdir}/doc/${PACKAGE}'
dvidir='${docdir}'
exec_prefix='${prefix}'
host_alias=''
htmldir='${docdir}'
includedir='${prefix}/include'
infodir='${datarootdir}/info'
install_sh='${SHELL} /home/pi/Desktop/hap/srp-2.1.2/install-sh'
libdir='${exec_prefix}/lib'
libexecdir='${exec_prefix}/libexec'
localedir='${datarootdir}/locale'
localstatedir='${prefix}/var'
mandir='${datarootdir}/man'
mkdir_p='/bin/mkdir -p'
oldincludedir='/usr/include'
pdfdir='${docdir}'
prefix='/usr/local'
program_transform_name='s,x,x,'
psdir='${docdir}'
sbindir='${exec_prefix}/sbin'
sharedstatedir='${prefix}/com'
sysconfdir='${prefix}/etc'
target_alias=''

## ----------- ##
## confdefs.h. ##
## ----------- ##

/* confdefs.h */
#define PACKAGE_NAME ""
#define PACKAGE_TARNAME ""
#define PACKAGE_VERSION ""
#define PACKAGE_STRING ""
#define PACKAGE_BUGREPORT ""
#define PACKAGE_URL ""
#define PACKAGE "shadow"
#define VERSION "001101"
#define HAVE_DIRENT_H 1
#define STDC_HEADERS 1
#define HAVE_SYS_WAIT_H 1
#define HAVE_SYS_TYPES_H 1
#define HAVE_SYS_STAT_H 1
#define HAVE_STDLIB_H 1
#define HAVE_STRING_H 1
#define HAVE_MEMORY_H 1
#define HAVE_STRINGS_H 1
#define HAVE_INTTYPES_H 1
#define HAVE_STDINT_H 1
#define HAVE_UNISTD_H 1
#define HAVE_FCNTL_H 1
#define HAVE_LIMITS_H 1
#define HAVE_STDLIB_H 1
#define HAVE_UNISTD_H 1
#define HAVE_SYS_TIME_H 1
#define HAVE_UTMP_H 1
#define HAVE_UTMPX_H 1
#define HAVE_TERMIOS_H 1
#define HAVE_TERMIO_H 1
#define HAVE_SGTTY_H 1
#define HAVE_SYS_IOCTL_H 1
#define HAVE_SYSLOG_H 1
#define HAVE_PATHS_H 1
#define HAVE_UTIME_H 1
#define HAVE_ULIMIT_H 1
#define HAVE_SYS_RESOURCE_H 1
#define HAVE_GSHADOW_H 1
#define HAVE_SHADOW_H 1
#define HAVE_LASTLOG_H 1
#define HAVE_SYS_SELECT_H 1
#define UT_HOST 1
#define UT_USER ut_user
#define UTMP_LASTLOG 1
#define HAVE_LL_HOST 1
#define HAVE_STRUCT_STAT_ST_RDEV 1
#define HAVE_ST_RDEV 1
#define TIME_WITH_SYS_TIME 1
#define GETGROUPS_T gid_t
#define RETSIGTYPE void
#define HAVE_UTIME_H 1
#define HAVE_UTIME_NULL 1
#define HAVE_STRFTIME 1
#define HAVE_A64L 1
#define HAVE_FCHMOD 1
#define HAVE_FCHOWN 1
#define HAVE_FSYNC 1
#define HAVE_GETGROUPS 1
#define HAVE_GETHOSTNAME 1
#define HAVE_GETSPNAM 1
#define HAVE_GETTIMEOFDAY 1
#define HAVE_GETUSERSHELL 1
#define HAVE_GETUTENT 1
#define HAVE_INITGROUPS 1
#define HAVE_SETGROUPS 1
#define HAVE_SIGACTION 1
#define HAVE_MKDIR 1
#define HAVE_PUTGRENT 1
#define HAVE_PUTPWENT 1
#define HAVE_PUTSPENT 1
#define HAVE_RENAME 1
#define HAVE_RMDIR 1
#define HAVE_SGETSPENT 1
#define HAVE_STRDUP 1
#define HAVE_STRSTR 1
#define SP_EXTRA 1
#define MAIL_SPOOL_DIR "/var/spool/mail"
#define _UTMP_FILE "/var/run/utmp"
#define _WTMP_FILE "/var/log/wtmp"
#define FAILLOG_FILE "/var/log/faillog"
#define LASTLOG_FILE "/var/log/lastlog"
#define CHFN_PROGRAM "/usr/bin/chfn"
#define CHSH_PROGRAM "/usr/bin/chsh"
#define GPASSWD_PROGRAM "/usr/bin/gpasswd"
#define PASSWD_PROGRAM "/usr/bin/passwd"
#define SHADOWPWD 1
#define AGING 1
#define USE_SYSLOG 1
#define RLOGIN 1
#define RUSEROK 0
#define LOGIN_ACCESS 1
#define SU_ACCESS 1
#define CONSOLE_GROUPS 1
#define DEFAULT_CRACKLIB_DICTPATH "/lib:/usr/local/lib:/usr/lib:/usr/share/lib:/usr/local/share/lib"
#define HAVE_LIBNSL 1
#define HAVE_LIBCRYPT 1
#define MD5_CRYPT 1

configure: exit 0

## ---------------------- ##
## Running config.status. ##
## ---------------------- ##

This file was extended by config.status, which was
generated by GNU Autoconf 2.69.  Invocation command line was

  CONFIG_FILES    = 
  CONFIG_HEADERS  = 
  CONFIG_LINKS    = 
  CONFIG_COMMANDS = 
  $ ./config.status 

on raspberrypi

config.status:944: creating libmisc/Makefile
config.status:944: creating lib/Makefile
config.status:944: creating src/Makefile
config.status:944: creating etc/Makefile
config.status:944: creating pam_eps/Makefile
config.status:944: creating Makefile
config.status:944: creating stamp_h
config.status:944: creating config.h
config.status:1173: executing depfiles commands

## ---------------------- ##
## Running config.status. ##
## ---------------------- ##

This file was extended by config.status, which was
generated by GNU Autoconf 2.69.  Invocation command line was

  CONFIG_FILES    = 
  CONFIG_HEADERS  = 
  CONFIG_LINKS    = 
  CONFIG_COMMANDS = 
  $ ./config.status config.h

on raspberrypi

config.status:944: creating config.h
